2024-06-04 17-54-07 DEBUG This is a debug message
2024-06-04 17-54-07 WARNING This is a debug message
2024-06-04 17-54-07 CRITICAL This is a debug message
2024-06-04 17-54-07 WARNING Not Found: /itemcreate/...
2024-06-04 17-54-53 DEBUG This is a debug message
2024-06-04 17-54-53 WARNING This is a debug message
2024-06-04 17-54-53 CRITICAL This is a debug message
2024-06-04 17-54-54 WARNING Not Found: /itemcreate/...
2024-06-04 17-55-08 DEBUG This is a debug message
2024-06-04 17-55-08 WARNING This is a debug message
2024-06-04 17-55-08 CRITICAL This is a debug message
2024-06-04 17-55-08 WARNING Not Found: /itemcreate/...
2024-06-04 17-57-07 INFO D:\Cosmus-projects\cosmus-factory-website\ERP_Cosmus\product\views.py changed, reloading.
2024-06-05 15-58-20 DEBUG This is a debug message
2024-06-05 15-58-20 WARNING This is a warning message
2024-06-05 15-58-20 CRITICAL This is a critical message
2024-06-05 15-58-21 WARNING Not Found: /itemcreate/...
2024-06-05 15-58-32 WARNING Not Found: /Media/pproduct/images/40051811036_Maroon.jpg
2024-06-05 15-58-32 WARNING Not Found: /Media/pproduct/images/40051141036_D_Grey.jpg
2024-06-05 15-58-32 WARNING Not Found: /Media/pproduct/images/40051021036_Navy.jpg
2024-06-05 15-58-32 WARNING Not Found: /Media/pproduct/images/40051041036_L_Grey.jpg
2024-06-05 15-58-32 WARNING Not Found: /Media/pproduct/images/40051511036_T_Green.jpg
2024-06-05 16-05-03 WARNING Not Found: /Media/pproduct/images/40051021036_Navy.jpg
2024-06-05 16-05-03 WARNING Not Found: /Media/pproduct/images/40051041036_L_Grey.jpg
2024-06-05 16-05-03 WARNING Not Found: /Media/pproduct/images/40051811036_Maroon.jpg
2024-06-05 16-05-03 WARNING Not Found: /Media/pproduct/images/40051141036_D_Grey.jpg
2024-06-05 16-05-03 WARNING Not Found: /Media/pproduct/images/40051511036_T_Green.jpg
2024-06-05 16-13-37 WARNING Not Found: /Media/pproduct/images/40051021036_Navy.jpg
2024-06-05 16-13-37 WARNING Not Found: /Media/pproduct/images/40051041036_L_Grey.jpg
2024-06-05 16-13-37 WARNING Not Found: /Media/pproduct/images/40051141036_D_Grey.jpg
2024-06-05 16-13-37 WARNING Not Found: /Media/pproduct/images/40051811036_Maroon.jpg
2024-06-05 16-13-37 WARNING Not Found: /Media/pproduct/images/40051511036_T_Green.jpg
2024-06-05 16-15-19 WARNING Not Found: /Media/pproduct/images/40051811036_Maroon.jpg
2024-06-05 16-15-19 WARNING Not Found: /Media/pproduct/images/40051041036_L_Grey.jpg
2024-06-05 16-15-19 WARNING Not Found: /Media/pproduct/images/40051021036_Navy.jpg
2024-06-05 16-15-19 WARNING Not Found: /Media/pproduct/images/40051141036_D_Grey.jpg
2024-06-05 16-15-19 WARNING Not Found: /Media/pproduct/images/40051511036_T_Green.jpg
2024-06-05 16-15-45 WARNING Not Found: /Media/pproduct/images/40051041036_L_Grey.jpg
2024-06-05 16-15-45 WARNING Not Found: /Media/pproduct/images/40051141036_D_Grey.jpg
2024-06-05 16-15-45 WARNING Not Found: /Media/pproduct/images/40051511036_T_Green.jpg
2024-06-05 16-15-45 WARNING Not Found: /Media/pproduct/images/40051021036_Navy.jpg
2024-06-05 16-15-45 WARNING Not Found: /Media/pproduct/images/40051811036_Maroon.jpg
2024-06-05 16-16-03 WARNING Not Found: /Media/pproduct/images/40051811036_Maroon.jpg
2024-06-05 16-16-03 WARNING Not Found: /Media/pproduct/images/40051141036_D_Grey.jpg
2024-06-05 16-16-03 WARNING Not Found: /Media/pproduct/images/40051511036_T_Green.jpg
2024-06-05 16-16-03 WARNING Not Found: /Media/pproduct/images/40051041036_L_Grey.jpg
2024-06-05 16-16-03 WARNING Not Found: /Media/pproduct/images/40051021036_Navy.jpg
2024-06-05 16-16-39 WARNING Not Found: /Media/pproduct/images/40051041036_L_Grey.jpg
2024-06-05 16-16-39 WARNING Not Found: /Media/pproduct/images/40051021036_Navy.jpg
2024-06-05 16-16-39 WARNING Not Found: /Media/pproduct/images/40051511036_T_Green.jpg
2024-06-05 16-16-39 WARNING Not Found: /Media/pproduct/images/40051141036_D_Grey.jpg
2024-06-05 16-16-39 WARNING Not Found: /Media/pproduct/images/40051811036_Maroon.jpg
2024-06-05 16-16-56 WARNING Not Found: /Media/pproduct/images/40051041036_L_Grey.jpg
2024-06-05 16-16-56 WARNING Not Found: /Media/pproduct/images/40051811036_Maroon.jpg
2024-06-05 16-16-56 WARNING Not Found: /Media/pproduct/images/40051021036_Navy.jpg
2024-06-05 16-16-56 WARNING Not Found: /Media/pproduct/images/40051511036_T_Green.jpg
2024-06-05 16-16-56 WARNING Not Found: /Media/pproduct/images/40051141036_D_Grey.jpg
2024-06-05 16-17-11 WARNING Not Found: /Media/pproduct/images/40051021036_Navy.jpg
2024-06-05 16-17-11 WARNING Not Found: /Media/pproduct/images/40051041036_L_Grey.jpg
2024-06-05 16-17-11 WARNING Not Found: /Media/pproduct/images/40051811036_Maroon.jpg
2024-06-05 16-17-11 WARNING Not Found: /Media/pproduct/images/40051511036_T_Green.jpg
2024-06-05 16-17-11 WARNING Not Found: /Media/pproduct/images/40051141036_D_Grey.jpg
2024-06-05 16-17-25 WARNING Not Found: /Media/pproduct/images/40051041036_L_Grey.jpg
2024-06-05 16-17-25 WARNING Not Found: /Media/pproduct/images/40051021036_Navy.jpg
2024-06-05 16-17-25 WARNING Not Found: /Media/pproduct/images/40051511036_T_Green.jpg
2024-06-05 16-17-25 WARNING Not Found: /Media/pproduct/images/40051141036_D_Grey.jpg
2024-06-05 16-17-25 WARNING Not Found: /Media/pproduct/images/40051811036_Maroon.jpg
2024-06-05 16-17-39 WARNING Not Found: /Media/pproduct/images/40051041036_L_Grey.jpg
2024-06-05 16-17-39 WARNING Not Found: /Media/pproduct/images/40051141036_D_Grey.jpg
2024-06-05 16-17-39 WARNING Not Found: /Media/pproduct/images/40051021036_Navy.jpg
2024-06-05 16-17-39 WARNING Not Found: /Media/pproduct/images/40051811036_Maroon.jpg
2024-06-05 16-17-39 WARNING Not Found: /Media/pproduct/images/40051511036_T_Green.jpg
2024-06-05 16-18-05 WARNING Not Found: /Media/pproduct/images/40051021036_Navy.jpg
2024-06-05 16-18-05 WARNING Not Found: /Media/pproduct/images/40051041036_L_Grey.jpg
2024-06-05 16-18-05 WARNING Not Found: /Media/pproduct/images/40051511036_T_Green.jpg
2024-06-05 16-18-05 WARNING Not Found: /Media/pproduct/images/40051811036_Maroon.jpg
2024-06-05 16-18-05 WARNING Not Found: /Media/pproduct/images/40051141036_D_Grey.jpg
2024-06-05 16-18-42 WARNING Not Found: /Media/pproduct/images/40051511036_T_Green.jpg
2024-06-05 16-18-42 WARNING Not Found: /Media/pproduct/images/40051141036_D_Grey.jpg
2024-06-05 16-18-42 WARNING Not Found: /Media/pproduct/images/40051021036_Navy.jpg
2024-06-05 16-18-42 WARNING Not Found: /Media/pproduct/images/40051041036_L_Grey.jpg
2024-06-05 16-18-42 WARNING Not Found: /Media/pproduct/images/40051811036_Maroon.jpg
2024-06-05 16-19-33 WARNING Not Found: /Media/pproduct/images/40051021036_Navy.jpg
2024-06-05 16-19-33 WARNING Not Found: /Media/pproduct/images/40051811036_Maroon.jpg
2024-06-05 16-19-33 WARNING Not Found: /Media/pproduct/images/40051141036_D_Grey.jpg
2024-06-05 16-19-33 WARNING Not Found: /Media/pproduct/images/40051041036_L_Grey.jpg
2024-06-05 16-19-33 WARNING Not Found: /Media/pproduct/images/40051511036_T_Green.jpg
2024-06-05 16-19-47 WARNING Not Found: /Media/pproduct/images/40051041036_L_Grey.jpg
2024-06-05 16-19-47 WARNING Not Found: /Media/pproduct/images/40051021036_Navy.jpg
2024-06-05 16-19-47 WARNING Not Found: /Media/pproduct/images/40051141036_D_Grey.jpg
2024-06-05 16-19-47 WARNING Not Found: /Media/pproduct/images/40051511036_T_Green.jpg
2024-06-05 16-19-47 WARNING Not Found: /Media/pproduct/images/40051811036_Maroon.jpg
2024-06-05 16-20-08 WARNING Not Found: /Media/pproduct/images/40051021036_Navy.jpg
2024-06-05 16-20-08 WARNING Not Found: /Media/pproduct/images/40051141036_D_Grey.jpg
2024-06-05 16-20-08 WARNING Not Found: /Media/pproduct/images/40051811036_Maroon.jpg
2024-06-05 16-20-08 WARNING Not Found: /Media/pproduct/images/40051041036_L_Grey.jpg
2024-06-05 16-20-08 WARNING Not Found: /Media/pproduct/images/40051511036_T_Green.jpg
2024-06-05 16-21-08 DEBUG This is a debug message
2024-06-05 16-21-08 WARNING This is a warning message
2024-06-05 16-21-08 CRITICAL This is a critical message
2024-06-05 16-21-08 WARNING Not Found: /itemcreate/...
2024-06-05 16-41-56 WARNING Not Found: /favicon.ico
2024-06-05 16-50-19 WARNING Not Found: /Media/pproduct/images/40051021036_Navy.jpg
2024-06-05 16-50-19 WARNING Not Found: /Media/pproduct/images/40051041036_L_Grey.jpg
2024-06-05 16-50-19 WARNING Not Found: /Media/pproduct/images/40051141036_D_Grey.jpg
2024-06-05 16-50-20 WARNING Not Found: /Media/pproduct/images/40051511036_T_Green.jpg
2024-06-05 16-50-20 WARNING Not Found: /Media/pproduct/images/40051811036_Maroon.jpg
2024-06-05 17-09-26 WARNING Not Found: /pproduct_creation/...
2024-06-05 17-09-34 WARNING Not Found: /Media/pproduct/images/40051041036_L_Grey.jpg
2024-06-05 17-09-34 WARNING Not Found: /Media/pproduct/images/40051021036_Navy.jpg
2024-06-05 17-09-34 WARNING Not Found: /Media/pproduct/images/40051511036_T_Green.jpg
2024-06-05 17-09-34 WARNING Not Found: /Media/pproduct/images/40051811036_Maroon.jpg
2024-06-05 17-09-34 WARNING Not Found: /Media/pproduct/images/40051141036_D_Grey.jpg
2024-06-05 17-11-01 WARNING Not Found: /Media/pproduct/images/40051041036_L_Grey.jpg
2024-06-05 17-11-01 WARNING Not Found: /Media/pproduct/images/40051021036_Navy.jpg
2024-06-05 17-11-01 WARNING Not Found: /Media/pproduct/images/40051511036_T_Green.jpg
2024-06-05 17-11-01 WARNING Not Found: /Media/pproduct/images/40051811036_Maroon.jpg
2024-06-05 17-11-01 WARNING Not Found: /Media/pproduct/images/40051141036_D_Grey.jpg
2024-06-05 17-40-42 DEBUG This is a debug message
2024-06-05 17-40-42 WARNING This is a warning message
2024-06-05 17-40-42 CRITICAL This is a critical message
2024-06-05 17-40-43 WARNING Not Found: /itemcreate/...
2024-06-05 18-24-26 DEBUG This is a debug message
2024-06-05 18-24-26 WARNING This is a warning message
2024-06-05 18-24-26 CRITICAL This is a critical message
2024-06-05 18-24-27 WARNING Not Found: /itemcreate/...
2024-06-05 18-25-56 DEBUG This is a debug message
2024-06-05 18-25-56 WARNING This is a warning message
2024-06-05 18-25-56 CRITICAL This is a critical message
2024-06-05 18-25-57 WARNING Not Found: /itemcreate/...
2024-06-05 18-26-45 DEBUG This is a debug message
2024-06-05 18-26-45 WARNING This is a warning message
2024-06-05 18-26-45 CRITICAL This is a critical message
2024-06-05 18-26-46 WARNING Not Found: /itemcreate/...
2024-06-05 18-27-00 DEBUG This is a debug message
2024-06-05 18-27-00 WARNING This is a warning message
2024-06-05 18-27-00 CRITICAL This is a critical message
2024-06-05 18-27-01 WARNING Not Found: /itemcreate/...
2024-06-05 18-27-44 DEBUG This is a debug message
2024-06-05 18-27-44 WARNING This is a warning message
2024-06-05 18-27-44 CRITICAL This is a critical message
2024-06-05 18-27-44 WARNING Not Found: /itemcreate/...
2024-06-05 18-28-02 DEBUG This is a debug message
2024-06-05 18-28-02 WARNING This is a warning message
2024-06-05 18-28-02 CRITICAL This is a critical message
2024-06-05 18-28-03 WARNING Not Found: /itemcreate/...
2024-06-05 18-28-55 DEBUG This is a debug message
2024-06-05 18-28-55 WARNING This is a warning message
2024-06-05 18-28-55 CRITICAL This is a critical message
2024-06-05 18-28-56 WARNING Not Found: /itemcreate/...
2024-06-05 18-29-19 DEBUG This is a debug message
2024-06-05 18-29-19 WARNING This is a warning message
2024-06-05 18-29-19 CRITICAL This is a critical message
2024-06-05 18-29-20 WARNING Not Found: /itemcreate/...
2024-06-05 18-30-30 DEBUG This is a debug message
2024-06-05 18-30-30 WARNING This is a warning message
2024-06-05 18-30-30 CRITICAL This is a critical message
2024-06-05 18-30-30 WARNING Not Found: /itemcreate/...
2024-06-06 10-34-45 DEBUG This is a debug message
2024-06-06 10-34-45 WARNING This is a warning message
2024-06-06 10-34-45 CRITICAL This is a critical message
2024-06-06 10-34-45 WARNING Not Found: /itemcreate/...
2024-06-06 10-34-48 DEBUG This is a debug message
2024-06-06 10-34-48 WARNING This is a warning message
2024-06-06 10-34-48 CRITICAL This is a critical message
2024-06-06 10-34-48 WARNING Not Found: /itemcreate/...
2024-06-06 10-37-17 DEBUG This is a debug message
2024-06-06 10-37-17 WARNING This is a warning message
2024-06-06 10-37-17 CRITICAL This is a critical message
2024-06-06 10-37-17 WARNING Not Found: /itemcreate/...
2024-06-06 11-13-45 DEBUG This is a debug message
2024-06-06 11-13-45 WARNING This is a warning message
2024-06-06 11-13-45 CRITICAL This is a critical message
2024-06-06 11-13-45 WARNING Not Found: /itemcreate/...
2024-06-06 11-18-08 DEBUG This is a debug message
2024-06-06 11-18-08 WARNING This is a warning message
2024-06-06 11-18-08 CRITICAL This is a critical message
2024-06-06 11-18-08 WARNING Not Found: /itemcreate/...
2024-06-06 11-18-09 DEBUG This is a debug message
2024-06-06 11-18-09 WARNING This is a warning message
2024-06-06 11-18-09 CRITICAL This is a critical message
2024-06-06 11-18-10 WARNING Not Found: /itemcreate/...
2024-06-06 11-18-13 DEBUG This is a debug message
2024-06-06 11-18-13 WARNING This is a warning message
2024-06-06 11-18-13 CRITICAL This is a critical message
2024-06-06 11-18-13 WARNING Not Found: /itemcreate/...
2024-06-06 11-35-15 WARNING Not Found: /itemdynamicsearchajax/
2024-06-06 11-35-18 WARNING Not Found: /itemdynamicsearchajax/
2024-06-06 11-42-02 DEBUG This is a debug message
2024-06-06 11-42-02 WARNING This is a warning message
2024-06-06 11-42-02 CRITICAL This is a critical message
2024-06-06 11-42-02 WARNING Not Found: /itemcreate/...
2024-06-06 11-47-53 DEBUG This is a debug message
2024-06-06 11-47-53 WARNING This is a warning message
2024-06-06 11-47-53 CRITICAL This is a critical message
2024-06-06 11-47-53 WARNING Not Found: /itemcreate/...
2024-06-06 11-48-59 DEBUG This is a debug message
2024-06-06 11-48-59 WARNING This is a warning message
2024-06-06 11-48-59 CRITICAL This is a critical message
2024-06-06 11-49-00 WARNING Not Found: /itemcreate/...
2024-06-06 11-49-02 WARNING Not Found: /itemdynamicsearchajax/
2024-06-06 12-23-20 DEBUG This is a debug message
2024-06-06 12-23-20 WARNING This is a warning message
2024-06-06 12-23-20 CRITICAL This is a critical message
2024-06-06 12-23-21 WARNING Not Found: /itemcreate/...
2024-06-06 12-23-33 DEBUG This is a debug message
2024-06-06 12-23-33 WARNING This is a warning message
2024-06-06 12-23-33 CRITICAL This is a critical message
2024-06-06 12-23-33 WARNING Not Found: /itemcreate/...
2024-06-06 12-23-42 WARNING Not Found: /itemdynamicsearchajax/
2024-06-06 12-24-27 WARNING Not Found: /itemdynamicsearchajax/
2024-06-06 12-24-27 WARNING Not Found: /itemdynamicsearchajax/
2024-06-06 12-24-27 WARNING Not Found: /itemdynamicsearchajax/
2024-06-06 12-27-53 DEBUG This is a debug message
2024-06-06 12-27-53 WARNING This is a warning message
2024-06-06 12-27-53 CRITICAL This is a critical message
2024-06-06 12-27-53 WARNING Not Found: /itemcreate/...
2024-06-06 12-29-34 DEBUG This is a debug message
2024-06-06 12-29-34 WARNING This is a warning message
2024-06-06 12-29-34 CRITICAL This is a critical message
2024-06-06 12-29-34 WARNING Not Found: /itemcreate/...
2024-06-06 12-29-36 DEBUG This is a debug message
2024-06-06 12-29-36 WARNING This is a warning message
2024-06-06 12-29-36 CRITICAL This is a critical message
2024-06-06 12-29-37 WARNING Not Found: /itemcreate/...
2024-06-06 12-29-45 DEBUG This is a debug message
2024-06-06 12-29-45 WARNING This is a warning message
2024-06-06 12-29-45 CRITICAL This is a critical message
2024-06-06 12-29-45 WARNING Not Found: /itemcreate/...
2024-06-06 12-49-26 DEBUG This is a debug message
2024-06-06 12-49-26 WARNING This is a warning message
2024-06-06 12-49-26 CRITICAL This is a critical message
2024-06-06 12-49-27 WARNING Not Found: /itemcreate/...
2024-06-06 12-49-55 DEBUG This is a debug message
2024-06-06 12-49-55 WARNING This is a warning message
2024-06-06 12-49-55 CRITICAL This is a critical message
2024-06-06 12-49-56 WARNING Not Found: /itemcreate/...
2024-06-06 12-54-54 DEBUG This is a debug message
2024-06-06 12-54-54 WARNING This is a warning message
2024-06-06 12-54-54 CRITICAL This is a critical message
2024-06-06 12-54-55 WARNING Not Found: /itemcreate/...
2024-06-06 12-55-25 DEBUG This is a debug message
2024-06-06 12-55-25 WARNING This is a warning message
2024-06-06 12-55-25 CRITICAL This is a critical message
2024-06-06 12-55-25 WARNING Not Found: /itemcreate/...
2024-06-06 12-55-58 DEBUG This is a debug message
2024-06-06 12-55-58 WARNING This is a warning message
2024-06-06 12-55-58 CRITICAL This is a critical message
2024-06-06 12-55-58 WARNING Not Found: /itemcreate/...
2024-06-06 12-56-01 WARNING Not Found: /itemdynamicsearchajax/
2024-06-06 12-56-03 WARNING Not Found: /itemdynamicsearchajax/
2024-06-06 13-00-38 DEBUG This is a debug message
2024-06-06 13-00-38 WARNING This is a warning message
2024-06-06 13-00-38 CRITICAL This is a critical message
2024-06-06 13-00-38 WARNING Not Found: /itemcreate/...
2024-06-06 13-01-26 DEBUG This is a debug message
2024-06-06 13-01-26 WARNING This is a warning message
2024-06-06 13-01-26 CRITICAL This is a critical message
2024-06-06 13-01-26 WARNING Not Found: /itemcreate/...
2024-06-06 13-01-56 DEBUG This is a debug message
2024-06-06 13-01-56 WARNING This is a warning message
2024-06-06 13-01-56 CRITICAL This is a critical message
2024-06-06 13-01-56 WARNING Not Found: /itemcreate/...
2024-06-06 13-01-58 WARNING Not Found: /itemdynamicsearchajax/
2024-06-06 13-55-14 DEBUG This is a debug message
2024-06-06 13-55-14 WARNING This is a warning message
2024-06-06 13-55-14 CRITICAL This is a critical message
2024-06-06 13-55-15 WARNING Not Found: /itemcreate/...
2024-06-06 13-57-23 DEBUG This is a debug message
2024-06-06 13-57-23 WARNING This is a warning message
2024-06-06 13-57-23 CRITICAL This is a critical message
2024-06-06 13-57-24 WARNING Not Found: /itemcreate/...
2024-06-06 13-58-54 DEBUG This is a debug message
2024-06-06 13-58-54 WARNING This is a warning message
2024-06-06 13-58-54 CRITICAL This is a critical message
2024-06-06 13-58-55 WARNING Not Found: /itemcreate/...
2024-06-06 13-59-20 DEBUG This is a debug message
2024-06-06 13-59-20 WARNING This is a warning message
2024-06-06 13-59-20 CRITICAL This is a critical message
2024-06-06 13-59-20 WARNING Not Found: /itemcreate/...
2024-06-06 13-59-29 DEBUG This is a debug message
2024-06-06 13-59-29 WARNING This is a warning message
2024-06-06 13-59-29 CRITICAL This is a critical message
2024-06-06 13-59-29 WARNING Not Found: /itemcreate/...
2024-06-06 13-59-38 DEBUG This is a debug message
2024-06-06 13-59-38 WARNING This is a warning message
2024-06-06 13-59-38 CRITICAL This is a critical message
2024-06-06 13-59-38 WARNING Not Found: /itemcreate/...
2024-06-06 14-00-10 DEBUG This is a debug message
2024-06-06 14-00-10 WARNING This is a warning message
2024-06-06 14-00-10 CRITICAL This is a critical message
2024-06-06 14-00-10 WARNING Not Found: /itemcreate/...
2024-06-06 14-01-02 DEBUG This is a debug message
2024-06-06 14-01-02 WARNING This is a warning message
2024-06-06 14-01-02 CRITICAL This is a critical message
2024-06-06 14-01-02 WARNING Not Found: /itemcreate/...
2024-06-06 14-01-31 DEBUG This is a debug message
2024-06-06 14-01-31 WARNING This is a warning message
2024-06-06 14-01-31 CRITICAL This is a critical message
2024-06-06 14-01-32 WARNING Not Found: /itemcreate/...
2024-06-06 14-20-37 WARNING Not Found: /Media/rawmaterial/images/2._Black_aCYFuFU.png
2024-06-06 14-21-16 WARNING Not Found: /favicon.ico
2024-06-06 16-22-22 DEBUG This is a debug message
2024-06-06 16-22-22 WARNING This is a warning message
2024-06-06 16-22-22 CRITICAL This is a critical message
2024-06-06 16-22-22 WARNING Not Found: /itemcreate/...
2024-06-06 16-22-28 WARNING Not Found: /itemdynamicsearchajax/
2024-06-06 16-22-59 WARNING Not Found: /itemdynamicsearchajax/
2024-06-06 16-23-01 WARNING Not Found: /itemdynamicsearchajax/
2024-06-06 16-25-14 WARNING Not Found: /itemdynamicsearchajax/
2024-06-06 16-25-22 WARNING Not Found: /itemdynamicsearchajax/
2024-06-06 16-25-25 WARNING Not Found: /itemdynamicsearchajax/
2024-06-06 16-25-25 WARNING Not Found: /itemdynamicsearchajax/
2024-06-06 16-25-26 WARNING Not Found: /itemdynamicsearchajax/
