2024-06-10 10:40:56 AM - django.utils.autoreload - INFO - Watching for file changes with StatReloader
2024-06-10 10:41:07 AM - django.utils.autoreload - INFO - Watching for file changes with StatReloader
2024-06-10 10:41:18 AM - django.server - INFO - "GET /editpproduct/1036 HTTP/1.1" 200 83810
2024-06-10 10:41:19 AM - django.request - WARNING - Not Found: /Media/pproduct/images/40051811036_Maroon.jpg
2024-06-10 10:41:19 AM - django.server - WARNING - "GET /Media/pproduct/images/40051811036_Maroon.jpg HTTP/1.1" 404 30545
2024-06-10 10:41:19 AM - django.request - WARNING - Not Found: /Media/pproduct/images/40051141036_D_Grey.jpg
2024-06-10 10:41:19 AM - django.request - WARNING - Not Found: /Media/pproduct/images/40051021036_Navy.jpg
2024-06-10 10:41:19 AM - django.server - WARNING - "GET /Media/pproduct/images/40051021036_Navy.jpg HTTP/1.1" 404 30535
2024-06-10 10:41:19 AM - django.server - WARNING - "GET /Media/pproduct/images/40051141036_D_Grey.jpg HTTP/1.1" 404 30545
2024-06-10 10:41:19 AM - django.request - WARNING - Not Found: /Media/pproduct/images/40051041036_L_Grey.jpg
2024-06-10 10:41:19 AM - django.request - WARNING - Not Found: /Media/pproduct/images/40051511036_T_Green.jpg
2024-06-10 10:41:19 AM - django.server - WARNING - "GET /Media/pproduct/images/40051511036_T_Green.jpg HTTP/1.1" 404 30550
2024-06-10 10:41:19 AM - django.server - WARNING - "GET /Media/pproduct/images/40051041036_L_Grey.jpg HTTP/1.1" 404 30545
2024-06-10 11:40:45 AM - django.server - INFO - "GET /itemlist/ HTTP/1.1" 200 119903
2024-06-10 11:40:49 AM - django.server - INFO - "GET /itemcreate/ HTTP/1.1" 200 53755
2024-06-10 11:40:50 AM - django.request - WARNING - Not Found: /itemcreate/...
2024-06-10 11:40:50 AM - django.server - WARNING - "GET /itemcreate/... HTTP/1.1" 404 30188
2024-06-10 11:41:07 AM - django.server - INFO - "GET /gstpopup/ HTTP/1.1" 200 15962
2024-06-10 11:41:17 AM - django.server - INFO - "GET /itemdynamicsearchajax/?nameValue=mel HTTP/1.1" 200 381
2024-06-10 11:41:17 AM - django.server - INFO - "GET /__debug__/history_sidebar/?store_id=85b5a367370241e18ece8f0495f5c6a9 HTTP/1.1" 200 9080
2024-06-10 11:41:18 AM - django.server - INFO - "GET /itemdynamicsearchajax/?nameValue=mel HTTP/1.1" 200 381
2024-06-10 11:41:18 AM - django.server - INFO - "GET /__debug__/history_sidebar/?store_id=4bd467ccb34f475ea84a3695dc9a87c7 HTTP/1.1" 200 9080
2024-06-10 11:41:18 AM - django.server - INFO - "GET /itemdynamicsearchajax/?nameValue=MELANGE%20(CTC)%20BLGS%20D.GREY HTTP/1.1" 200 111
2024-06-10 11:41:18 AM - django.server - INFO - "GET /itemcreatecloneajax/?itemValue=1 HTTP/1.1" 200 470
2024-06-10 11:41:18 AM - django.server - INFO - "GET /__debug__/history_sidebar/?store_id=f6b21c3fe6d046dc9e21115fd4e00ed4 HTTP/1.1" 200 9072
2024-06-10 11:41:24 AM - django.server - INFO - "GET /itemcreate/ HTTP/1.1" 200 53755
2024-06-10 11:41:24 AM - django.server - INFO - "GET /static/css/style.css HTTP/1.1" 200 1070
2024-06-10 11:41:24 AM - django.server - INFO - "GET /static/css/dstyle.css HTTP/1.1" 200 34057
2024-06-10 11:41:24 AM - django.server - INFO - "GET /static/images/CosmusTechLogo_White-p-1600.png HTTP/1.1" 200 62741
2024-06-10 11:41:24 AM - django.server - INFO - "GET /static/images/logo.jpg HTTP/1.1" 200 28948
2024-06-10 11:41:24 AM - django.server - INFO - "GET /static/debug_toolbar/js/toolbar.js HTTP/1.1" 200 13404
2024-06-10 11:41:24 AM - django.request - WARNING - Not Found: /itemcreate/...
2024-06-10 11:41:24 AM - django.server - WARNING - "GET /itemcreate/... HTTP/1.1" 404 30188
2024-06-10 11:41:24 AM - django.server - INFO - "GET /static/debug_toolbar/css/toolbar.css HTTP/1.1" 200 12621
2024-06-10 11:41:24 AM - django.server - INFO - "GET /static/js/script.js HTTP/1.1" 200 5870
2024-06-10 11:41:24 AM - django.server - INFO - "GET /static/debug_toolbar/css/print.css HTTP/1.1" 200 43
2024-06-10 11:41:24 AM - django.server - INFO - "GET /static/debug_toolbar/js/utils.js HTTP/1.1" 200 4527
2024-06-10 11:41:24 AM - django.server - INFO - "GET /static/images/favicon.ico HTTP/1.1" 200 15406
2024-06-10 11:42:07 AM - django.server - INFO - "GET /gstpopup/ HTTP/1.1" 200 15962
2024-06-10 11:43:53 AM - django.server - INFO - "GET /gstpopup/ HTTP/1.1" 200 15962
2024-06-10 11:52:58 AM - django.utils.autoreload - INFO - D:\Cosmus-projects\cosmus-factory-website\ERP_Cosmus\product\urls.py changed, reloading.
2024-06-10 11:52:59 AM - django.utils.autoreload - INFO - Watching for file changes with StatReloader
2024-06-10 11:53:05 AM - django.utils.autoreload - INFO - D:\Cosmus-projects\cosmus-factory-website\ERP_Cosmus\product\urls.py changed, reloading.
2024-06-10 11:53:06 AM - django.utils.autoreload - INFO - Watching for file changes with StatReloader
