2024-06-07 03:56:21 PM - product_views - INFO - Purchase Order with order no - 5545 was deleted
2024-06-07 05:48:11 PM - product_views - INFO - searched keyword via itemdynamicsearchajax HITLON 10 MM
2024-06-07 05:48:11 PM - product_views - INFO - searched result via itemdynamicsearchajax {9: 'HITLON 10 MM'}
2024-06-07 05:53:53 PM - product_views - ERROR - An error occured - list index out of range - Product-Name - Product object (1)
2024-06-07 05:54:17 PM - product_views - ERROR - An error occured - list index out of range - Product-Name - Product object (1)
2024-06-07 05:55:00 PM - product_views - ERROR - An error occured - list index out of range - Product-Name - Product object (1)
2024-06-07 05:55:39 PM - product_views - INFO - Product to item created/updated special - 563
2024-06-07 05:55:39 PM - product_views - INFO - Product to item created/updated special - 564
2024-06-07 05:55:40 PM - product_views - INFO - Product to item created/updated special - 565
2024-06-07 05:55:40 PM - product_views - INFO - Product to item created/updated special - 566
2024-06-07 05:55:40 PM - product_views - INFO - Product to item created/updated special - 567
2024-06-07 05:55:40 PM - product_views - INFO - Product to item created/updated special - 587
2024-06-07 05:55:40 PM - product_views - INFO - Product to item created/updated special - 588
2024-06-07 05:55:40 PM - product_views - INFO - Product to item created/updated special - 595
2024-06-07 05:55:40 PM - product_views - INFO - Deleted product to item instace of PProduct_Creation object (40051021036), - ZIP8 H MELANGE D.GREY
2024-06-07 05:55:40 PM - product_views - INFO - Deleted product to item instace of PProduct_Creation object (40051811036), - ZIP8 H MELANGE D.GREY
2024-06-07 05:55:40 PM - product_views - INFO - Deleted product to item instace of PProduct_Creation object (40051141036), - ZIP8 H MELANGE D.GREY
2024-06-07 05:55:40 PM - product_views - INFO - Deleted product to item instace of PProduct_Creation object (40051041036), - ZIP8 H MELANGE D.GREY
2024-06-07 05:55:40 PM - product_views - INFO - Deleted product to item instace of PProduct_Creation object (40051511036), - ZIP8 H MELANGE D.GREY
2024-06-07 05:55:40 PM - product_views - INFO - Deleted product to item instace of PProduct_Creation object (40051171036), - ZIP8 H MELANGE D.GREY
2024-06-07 05:55:40 PM - product_views - INFO - Product to item created/updated common -  589
2024-06-07 05:55:40 PM - product_views - INFO - Product to item created/updated common -  590
2024-06-07 05:55:40 PM - product_views - INFO - Product to item created/updated common -  591
2024-06-07 05:55:40 PM - product_views - INFO - Product to item created/updated common -  592
2024-06-07 05:55:40 PM - product_views - INFO - Product to item created/updated common -  593
2024-06-07 05:55:40 PM - product_views - INFO - Product to item created/updated common -  594
2024-06-07 05:55:40 PM - product_views - INFO - Product to item created/updated common -  568
2024-06-07 05:55:40 PM - product_views - INFO - Product to item created/updated common -  569
2024-06-07 05:55:40 PM - product_views - INFO - Product to item created/updated common -  570
2024-06-07 05:55:40 PM - product_views - INFO - Product to item created/updated common -  571
2024-06-07 05:55:40 PM - product_views - INFO - Product to item created/updated common -  572
2024-06-07 05:55:40 PM - product_views - INFO - Product to item created/updated common -  573
2024-06-07 05:55:40 PM - product_views - INFO - Product to item created/updated common -  580
2024-06-07 05:55:40 PM - product_views - INFO - Product to item created/updated common -  581
2024-06-07 05:55:40 PM - product_views - INFO - Product to item created/updated common -  582
2024-06-07 05:55:40 PM - product_views - INFO - Product to item created/updated common -  583
2024-06-07 05:55:40 PM - product_views - INFO - Product to item created/updated common -  584
2024-06-07 05:55:40 PM - product_views - INFO - Product to item created/updated common -  585
2024-06-07 05:57:03 PM - product_views - INFO - product-saved product
2024-06-07 05:57:03 PM - product_views - INFO - product-formset-saved product
2024-06-07 05:57:15 PM - product_views - ERROR - Add Items to the respective Products first - 9008
2024-06-07 05:57:15 PM - product_views - ERROR - An exception occoured while exporting data - Add Items to the respective Products first for ref id 9008
2024-06-08 11:54:21 AM - product_views - INFO - searched keyword via itemdynamicsearchajax mel
2024-06-08 11:54:21 AM - product_views - INFO - searched result via itemdynamicsearchajax {5: 'MELANGE (CTC) BLGS MAROON', 2: 'MELANGE (CTC) BLGS L.GREY', 3: 'MELANGE (CTC) BLGS NAVY', 4: 'MELANGE (CTC) BLGS T.GREEN', 1: 'MELANGE (CTC) BLGS D.GREY', 16: 'ZIP8 H MELANGE L.GREY', 17: 'ZIP8 H MELANGE NAVY', 19: 'ZIP8 H MELANGE MAROON', 15: 'ZIP8 H MELANGE D.GREY', 43: 'MELANGE (ctc) BLGS YELLOW'}
2024-06-08 11:54:22 AM - product_views - INFO - searched keyword via itemdynamicsearchajax mel
2024-06-08 11:54:22 AM - product_views - INFO - searched result via itemdynamicsearchajax {5: 'MELANGE (CTC) BLGS MAROON', 2: 'MELANGE (CTC) BLGS L.GREY', 3: 'MELANGE (CTC) BLGS NAVY', 4: 'MELANGE (CTC) BLGS T.GREEN', 1: 'MELANGE (CTC) BLGS D.GREY', 16: 'ZIP8 H MELANGE L.GREY', 17: 'ZIP8 H MELANGE NAVY', 19: 'ZIP8 H MELANGE MAROON', 15: 'ZIP8 H MELANGE D.GREY', 43: 'MELANGE (ctc) BLGS YELLOW'}
2024-06-08 11:54:22 AM - product_views - INFO - searched keyword via itemdynamicsearchajax mela
2024-06-08 11:54:22 AM - product_views - INFO - searched result via itemdynamicsearchajax {5: 'MELANGE (CTC) BLGS MAROON', 2: 'MELANGE (CTC) BLGS L.GREY', 3: 'MELANGE (CTC) BLGS NAVY', 4: 'MELANGE (CTC) BLGS T.GREEN', 1: 'MELANGE (CTC) BLGS D.GREY', 16: 'ZIP8 H MELANGE L.GREY', 17: 'ZIP8 H MELANGE NAVY', 19: 'ZIP8 H MELANGE MAROON', 15: 'ZIP8 H MELANGE D.GREY', 43: 'MELANGE (ctc) BLGS YELLOW'}
2024-06-08 11:54:23 AM - product_views - INFO - searched keyword via itemdynamicsearchajax mela
2024-06-08 11:54:23 AM - product_views - INFO - searched result via itemdynamicsearchajax {5: 'MELANGE (CTC) BLGS MAROON', 2: 'MELANGE (CTC) BLGS L.GREY', 3: 'MELANGE (CTC) BLGS NAVY', 4: 'MELANGE (CTC) BLGS T.GREEN', 1: 'MELANGE (CTC) BLGS D.GREY', 16: 'ZIP8 H MELANGE L.GREY', 17: 'ZIP8 H MELANGE NAVY', 19: 'ZIP8 H MELANGE MAROON', 15: 'ZIP8 H MELANGE D.GREY', 43: 'MELANGE (ctc) BLGS YELLOW'}
2024-06-08 11:54:23 AM - product_views - INFO - searched keyword via itemdynamicsearchajax MELANGE (CTC) BLGS D.GREY
2024-06-08 11:54:23 AM - product_views - INFO - searched result via itemdynamicsearchajax {1: 'MELANGE (CTC) BLGS D.GREY'}
2024-06-08 02:51:55 PM - product_views - INFO - searched keyword via itemdynamicsearchajax mel
2024-06-08 02:51:55 PM - product_views - INFO - searched result via itemdynamicsearchajax {5: 'MELANGE (CTC) BLGS MAROON', 2: 'MELANGE (CTC) BLGS L.GREY', 3: 'MELANGE (CTC) BLGS NAVY', 4: 'MELANGE (CTC) BLGS T.GREEN', 1: 'MELANGE (CTC) BLGS D.GREY', 16: 'ZIP8 H MELANGE L.GREY', 17: 'ZIP8 H MELANGE NAVY', 19: 'ZIP8 H MELANGE MAROON', 15: 'ZIP8 H MELANGE D.GREY', 43: 'MELANGE (ctc) BLGS YELLOW'}
2024-06-08 02:52:11 PM - product_views - INFO - searched keyword via itemdynamicsearchajax mal
2024-06-08 02:54:13 PM - product_views - INFO - searched keyword via itemdynamicsearchajax mal
2024-06-08 02:54:19 PM - product_views - INFO - searched keyword via itemdynamicsearchajax mal
2024-06-08 02:55:07 PM - product_views - INFO - searched keyword via itemdynamicsearchajax mal
2024-06-08 02:55:13 PM - product_views - INFO - searched keyword via itemdynamicsearchajax mal
2024-06-08 02:55:27 PM - product_views - INFO - searched keyword via itemdynamicsearchajax mal
2024-06-08 02:55:58 PM - product_views - INFO - searched keyword via itemdynamicsearchajax mal
2024-06-08 02:56:05 PM - product_views - INFO - searched keyword via itemdynamicsearchajax mal
2024-06-08 02:56:13 PM - product_views - INFO - searched keyword via itemdynamicsearchajax ley
2024-06-08 02:56:14 PM - product_views - INFO - searched keyword via itemdynamicsearchajax let
2024-06-08 02:56:30 PM - product_views - INFO - searched keyword via itemdynamicsearchajax med
2024-06-08 02:56:33 PM - product_views - INFO - searched keyword via itemdynamicsearchajax med
2024-06-08 02:56:34 PM - product_views - INFO - searched keyword via itemdynamicsearchajax med
2024-06-08 02:56:35 PM - product_views - INFO - searched keyword via itemdynamicsearchajax med
2024-06-08 02:56:36 PM - product_views - INFO - searched keyword via itemdynamicsearchajax med
2024-06-08 02:56:36 PM - product_views - INFO - searched keyword via itemdynamicsearchajax med
2024-06-08 02:56:37 PM - product_views - INFO - searched keyword via itemdynamicsearchajax med
2024-06-08 02:56:38 PM - product_views - INFO - searched keyword via itemdynamicsearchajax med
2024-06-08 02:56:38 PM - product_views - INFO - searched keyword via itemdynamicsearchajax med
2024-06-08 02:56:38 PM - product_views - INFO - searched keyword via itemdynamicsearchajax med
2024-06-08 02:56:38 PM - product_views - INFO - searched keyword via itemdynamicsearchajax med
2024-06-08 02:56:39 PM - product_views - INFO - searched keyword via itemdynamicsearchajax med
2024-06-08 02:56:39 PM - product_views - INFO - searched keyword via itemdynamicsearchajax med
2024-06-08 02:56:39 PM - product_views - INFO - searched keyword via itemdynamicsearchajax med
2024-06-08 02:56:39 PM - product_views - INFO - searched keyword via itemdynamicsearchajax med
2024-06-08 02:56:40 PM - product_views - INFO - searched keyword via itemdynamicsearchajax med
2024-06-08 02:56:40 PM - product_views - INFO - searched keyword via itemdynamicsearchajax med
2024-06-08 02:56:40 PM - product_views - INFO - searched keyword via itemdynamicsearchajax med
2024-06-08 02:56:40 PM - product_views - INFO - searched keyword via itemdynamicsearchajax med
2024-06-08 02:56:40 PM - product_views - INFO - searched keyword via itemdynamicsearchajax med
2024-06-08 02:56:41 PM - product_views - INFO - searched keyword via itemdynamicsearchajax med
2024-06-08 02:56:41 PM - product_views - INFO - searched keyword via itemdynamicsearchajax med
2024-06-08 02:56:41 PM - product_views - INFO - searched keyword via itemdynamicsearchajax med
2024-06-08 02:56:41 PM - product_views - INFO - searched keyword via itemdynamicsearchajax med
2024-06-08 02:56:41 PM - product_views - INFO - searched keyword via itemdynamicsearchajax med
2024-06-08 02:56:42 PM - product_views - INFO - searched keyword via itemdynamicsearchajax med
2024-06-08 02:56:42 PM - product_views - INFO - searched keyword via itemdynamicsearchajax med
2024-06-08 02:56:42 PM - product_views - INFO - searched keyword via itemdynamicsearchajax med
2024-06-08 02:56:42 PM - product_views - INFO - searched keyword via itemdynamicsearchajax med
2024-06-08 02:57:05 PM - product_views - INFO - searched keyword via itemdynamicsearchajax med
2024-06-08 02:57:11 PM - product_views - INFO - searched keyword via itemdynamicsearchajax xal
2024-06-08 02:57:17 PM - product_views - INFO - searched keyword via itemdynamicsearchajax hit
2024-06-08 02:57:18 PM - product_views - INFO - searched result via itemdynamicsearchajax {8: 'HITLON 5 MM', 9: 'HITLON 10 MM', 10: 'HITLON 2 MM', 11: 'HITLON 8 MM', 13: 'HITLON 3 MM', 31: 'MT LABEL COSMUS BK/WHITE', 32: 'MT LABEL BK/WHITE BRACKET'}
2024-06-08 02:57:19 PM - product_views - INFO - searched keyword via itemdynamicsearchajax hil
2024-06-08 02:57:44 PM - product_views - INFO - searched keyword via itemdynamicsearchajax hil
2024-06-08 02:57:52 PM - product_views - INFO - searched keyword via itemdynamicsearchajax hil
2024-06-08 02:57:54 PM - product_views - INFO - searched keyword via itemdynamicsearchajax hilt
2024-06-08 02:57:54 PM - product_views - INFO - searched keyword via itemdynamicsearchajax hilto
2024-06-08 02:57:55 PM - product_views - INFO - searched keyword via itemdynamicsearchajax hilt
2024-06-08 02:57:55 PM - product_views - INFO - searched keyword via itemdynamicsearchajax hil
2024-06-08 02:58:22 PM - product_views - INFO - searched keyword via itemdynamicsearchajax hil
2024-06-08 02:58:23 PM - product_views - INFO - searched keyword via itemdynamicsearchajax hilt
2024-06-08 02:58:24 PM - product_views - INFO - searched keyword via itemdynamicsearchajax hilto
2024-06-08 02:58:25 PM - product_views - INFO - searched keyword via itemdynamicsearchajax hilt
2024-06-08 02:58:25 PM - product_views - INFO - searched keyword via itemdynamicsearchajax hil
2024-06-08 02:58:27 PM - product_views - INFO - searched keyword via itemdynamicsearchajax hit
2024-06-08 02:58:27 PM - product_views - INFO - searched result via itemdynamicsearchajax {8: 'HITLON 5 MM', 9: 'HITLON 10 MM', 10: 'HITLON 2 MM', 11: 'HITLON 8 MM', 13: 'HITLON 3 MM', 31: 'MT LABEL COSMUS BK/WHITE', 32: 'MT LABEL BK/WHITE BRACKET'}
2024-06-08 02:59:00 PM - product_views - INFO - searched keyword via itemdynamicsearchajax hel
2024-06-08 02:59:08 PM - product_views - INFO - searched keyword via itemdynamicsearchajax hel
2024-06-08 02:59:12 PM - product_views - INFO - searched keyword via itemdynamicsearchajax hek
2024-06-08 02:59:12 PM - product_views - INFO - searched keyword via itemdynamicsearchajax hek
2024-06-08 02:59:15 PM - product_views - INFO - searched keyword via itemdynamicsearchajax hel
2024-06-08 02:59:15 PM - product_views - INFO - searched keyword via itemdynamicsearchajax hel
2024-06-08 02:59:16 PM - product_views - INFO - searched keyword via itemdynamicsearchajax hel
2024-06-08 02:59:17 PM - product_views - INFO - searched keyword via itemdynamicsearchajax hel
2024-06-08 02:59:18 PM - product_views - INFO - searched keyword via itemdynamicsearchajax hel
2024-06-08 02:59:18 PM - product_views - INFO - searched keyword via itemdynamicsearchajax hel
2024-06-08 02:59:19 PM - product_views - INFO - searched keyword via itemdynamicsearchajax hel
2024-06-08 02:59:21 PM - product_views - INFO - searched keyword via itemdynamicsearchajax hel
2024-06-08 02:59:21 PM - product_views - INFO - searched keyword via itemdynamicsearchajax hel
2024-06-08 02:59:22 PM - product_views - INFO - searched keyword via itemdynamicsearchajax hel
2024-06-08 02:59:22 PM - product_views - INFO - searched keyword via itemdynamicsearchajax hel
2024-06-08 02:59:24 PM - product_views - INFO - searched keyword via itemdynamicsearchajax hel
2024-06-08 02:59:26 PM - product_views - INFO - searched keyword via itemdynamicsearchajax hel
2024-06-08 02:59:26 PM - product_views - INFO - searched keyword via itemdynamicsearchajax hel
2024-06-08 02:59:26 PM - product_views - INFO - searched keyword via itemdynamicsearchajax hel
2024-06-08 02:59:27 PM - product_views - INFO - searched keyword via itemdynamicsearchajax hel
2024-06-08 02:59:27 PM - product_views - INFO - searched keyword via itemdynamicsearchajax hel
2024-06-08 02:59:27 PM - product_views - INFO - searched keyword via itemdynamicsearchajax hel
2024-06-08 02:59:27 PM - product_views - INFO - searched keyword via itemdynamicsearchajax hel
2024-06-08 02:59:27 PM - product_views - INFO - searched keyword via itemdynamicsearchajax hel
2024-06-08 02:59:28 PM - product_views - INFO - searched keyword via itemdynamicsearchajax hel
2024-06-08 02:59:28 PM - product_views - INFO - searched keyword via itemdynamicsearchajax hel
2024-06-08 02:59:30 PM - product_views - INFO - searched keyword via itemdynamicsearchajax hei
2024-06-08 02:59:30 PM - product_views - INFO - searched keyword via itemdynamicsearchajax heit
2024-06-08 02:59:31 PM - product_views - INFO - searched keyword via itemdynamicsearchajax hei
2024-06-08 02:59:32 PM - product_views - INFO - searched keyword via itemdynamicsearchajax hit
2024-06-08 02:59:33 PM - product_views - INFO - searched result via itemdynamicsearchajax {8: 'HITLON 5 MM', 9: 'HITLON 10 MM', 10: 'HITLON 2 MM', 11: 'HITLON 8 MM', 13: 'HITLON 3 MM', 31: 'MT LABEL COSMUS BK/WHITE', 32: 'MT LABEL BK/WHITE BRACKET'}
2024-06-08 02:59:33 PM - product_views - INFO - searched keyword via itemdynamicsearchajax hit
2024-06-08 02:59:33 PM - product_views - INFO - searched result via itemdynamicsearchajax {8: 'HITLON 5 MM', 9: 'HITLON 10 MM', 10: 'HITLON 2 MM', 11: 'HITLON 8 MM', 13: 'HITLON 3 MM', 31: 'MT LABEL COSMUS BK/WHITE', 32: 'MT LABEL BK/WHITE BRACKET'}
2024-06-08 02:59:34 PM - product_views - INFO - searched keyword via itemdynamicsearchajax hit
2024-06-08 02:59:34 PM - product_views - INFO - searched result via itemdynamicsearchajax {8: 'HITLON 5 MM', 9: 'HITLON 10 MM', 10: 'HITLON 2 MM', 11: 'HITLON 8 MM', 13: 'HITLON 3 MM', 31: 'MT LABEL COSMUS BK/WHITE', 32: 'MT LABEL BK/WHITE BRACKET'}
2024-06-08 02:59:35 PM - product_views - INFO - searched keyword via itemdynamicsearchajax hit
2024-06-08 02:59:35 PM - product_views - INFO - searched result via itemdynamicsearchajax {8: 'HITLON 5 MM', 9: 'HITLON 10 MM', 10: 'HITLON 2 MM', 11: 'HITLON 8 MM', 13: 'HITLON 3 MM', 31: 'MT LABEL COSMUS BK/WHITE', 32: 'MT LABEL BK/WHITE BRACKET'}
2024-06-08 02:59:35 PM - product_views - INFO - searched keyword via itemdynamicsearchajax hit
2024-06-08 02:59:35 PM - product_views - INFO - searched result via itemdynamicsearchajax {8: 'HITLON 5 MM', 9: 'HITLON 10 MM', 10: 'HITLON 2 MM', 11: 'HITLON 8 MM', 13: 'HITLON 3 MM', 31: 'MT LABEL COSMUS BK/WHITE', 32: 'MT LABEL BK/WHITE BRACKET'}
2024-06-08 02:59:37 PM - product_views - INFO - searched keyword via itemdynamicsearchajax hit
2024-06-08 02:59:37 PM - product_views - INFO - searched result via itemdynamicsearchajax {8: 'HITLON 5 MM', 9: 'HITLON 10 MM', 10: 'HITLON 2 MM', 11: 'HITLON 8 MM', 13: 'HITLON 3 MM', 31: 'MT LABEL COSMUS BK/WHITE', 32: 'MT LABEL BK/WHITE BRACKET'}
2024-06-08 02:59:37 PM - product_views - INFO - searched keyword via itemdynamicsearchajax hit
2024-06-08 02:59:37 PM - product_views - INFO - searched result via itemdynamicsearchajax {8: 'HITLON 5 MM', 9: 'HITLON 10 MM', 10: 'HITLON 2 MM', 11: 'HITLON 8 MM', 13: 'HITLON 3 MM', 31: 'MT LABEL COSMUS BK/WHITE', 32: 'MT LABEL BK/WHITE BRACKET'}
2024-06-08 02:59:38 PM - product_views - INFO - searched keyword via itemdynamicsearchajax hit
2024-06-08 02:59:38 PM - product_views - INFO - searched result via itemdynamicsearchajax {8: 'HITLON 5 MM', 9: 'HITLON 10 MM', 10: 'HITLON 2 MM', 11: 'HITLON 8 MM', 13: 'HITLON 3 MM', 31: 'MT LABEL COSMUS BK/WHITE', 32: 'MT LABEL BK/WHITE BRACKET'}
2024-06-08 02:59:39 PM - product_views - INFO - searched keyword via itemdynamicsearchajax hit
2024-06-08 02:59:39 PM - product_views - INFO - searched result via itemdynamicsearchajax {8: 'HITLON 5 MM', 9: 'HITLON 10 MM', 10: 'HITLON 2 MM', 11: 'HITLON 8 MM', 13: 'HITLON 3 MM', 31: 'MT LABEL COSMUS BK/WHITE', 32: 'MT LABEL BK/WHITE BRACKET'}
2024-06-08 02:59:40 PM - product_views - INFO - searched keyword via itemdynamicsearchajax hit
2024-06-08 02:59:40 PM - product_views - INFO - searched result via itemdynamicsearchajax {8: 'HITLON 5 MM', 9: 'HITLON 10 MM', 10: 'HITLON 2 MM', 11: 'HITLON 8 MM', 13: 'HITLON 3 MM', 31: 'MT LABEL COSMUS BK/WHITE', 32: 'MT LABEL BK/WHITE BRACKET'}
2024-06-08 02:59:40 PM - product_views - INFO - searched keyword via itemdynamicsearchajax hit
2024-06-08 02:59:40 PM - product_views - INFO - searched result via itemdynamicsearchajax {8: 'HITLON 5 MM', 9: 'HITLON 10 MM', 10: 'HITLON 2 MM', 11: 'HITLON 8 MM', 13: 'HITLON 3 MM', 31: 'MT LABEL COSMUS BK/WHITE', 32: 'MT LABEL BK/WHITE BRACKET'}
2024-06-08 02:59:47 PM - product_views - INFO - searched keyword via itemdynamicsearchajax hit
2024-06-08 02:59:47 PM - product_views - INFO - searched result via itemdynamicsearchajax {8: 'HITLON 5 MM', 9: 'HITLON 10 MM', 10: 'HITLON 2 MM', 11: 'HITLON 8 MM', 13: 'HITLON 3 MM', 31: 'MT LABEL COSMUS BK/WHITE', 32: 'MT LABEL BK/WHITE BRACKET'}
2024-06-08 02:59:56 PM - product_views - INFO - searched keyword via itemdynamicsearchajax hit
2024-06-08 02:59:57 PM - product_views - INFO - searched result via itemdynamicsearchajax {8: 'HITLON 5 MM', 9: 'HITLON 10 MM', 10: 'HITLON 2 MM', 11: 'HITLON 8 MM', 13: 'HITLON 3 MM', 31: 'MT LABEL COSMUS BK/WHITE', 32: 'MT LABEL BK/WHITE BRACKET'}
2024-06-08 02:59:58 PM - product_views - INFO - searched keyword via itemdynamicsearchajax hit
2024-06-08 02:59:58 PM - product_views - INFO - searched result via itemdynamicsearchajax {8: 'HITLON 5 MM', 9: 'HITLON 10 MM', 10: 'HITLON 2 MM', 11: 'HITLON 8 MM', 13: 'HITLON 3 MM', 31: 'MT LABEL COSMUS BK/WHITE', 32: 'MT LABEL BK/WHITE BRACKET'}
2024-06-08 02:59:58 PM - product_views - INFO - searched keyword via itemdynamicsearchajax hit
2024-06-08 02:59:58 PM - product_views - INFO - searched result via itemdynamicsearchajax {8: 'HITLON 5 MM', 9: 'HITLON 10 MM', 10: 'HITLON 2 MM', 11: 'HITLON 8 MM', 13: 'HITLON 3 MM', 31: 'MT LABEL COSMUS BK/WHITE', 32: 'MT LABEL BK/WHITE BRACKET'}
2024-06-08 02:59:59 PM - product_views - INFO - searched keyword via itemdynamicsearchajax hit
2024-06-08 02:59:59 PM - product_views - INFO - searched result via itemdynamicsearchajax {8: 'HITLON 5 MM', 9: 'HITLON 10 MM', 10: 'HITLON 2 MM', 11: 'HITLON 8 MM', 13: 'HITLON 3 MM', 31: 'MT LABEL COSMUS BK/WHITE', 32: 'MT LABEL BK/WHITE BRACKET'}
2024-06-08 02:59:59 PM - product_views - INFO - searched keyword via itemdynamicsearchajax hit
2024-06-08 03:00:00 PM - product_views - INFO - searched result via itemdynamicsearchajax {8: 'HITLON 5 MM', 9: 'HITLON 10 MM', 10: 'HITLON 2 MM', 11: 'HITLON 8 MM', 13: 'HITLON 3 MM', 31: 'MT LABEL COSMUS BK/WHITE', 32: 'MT LABEL BK/WHITE BRACKET'}
2024-06-08 03:00:00 PM - product_views - INFO - searched keyword via itemdynamicsearchajax hit
2024-06-08 03:00:00 PM - product_views - INFO - searched result via itemdynamicsearchajax {8: 'HITLON 5 MM', 9: 'HITLON 10 MM', 10: 'HITLON 2 MM', 11: 'HITLON 8 MM', 13: 'HITLON 3 MM', 31: 'MT LABEL COSMUS BK/WHITE', 32: 'MT LABEL BK/WHITE BRACKET'}
2024-06-08 03:00:01 PM - product_views - INFO - searched keyword via itemdynamicsearchajax hit
2024-06-08 03:00:01 PM - product_views - INFO - searched result via itemdynamicsearchajax {8: 'HITLON 5 MM', 9: 'HITLON 10 MM', 10: 'HITLON 2 MM', 11: 'HITLON 8 MM', 13: 'HITLON 3 MM', 31: 'MT LABEL COSMUS BK/WHITE', 32: 'MT LABEL BK/WHITE BRACKET'}
2024-06-08 03:00:04 PM - product_views - INFO - searched keyword via itemdynamicsearchajax hel
2024-06-08 03:00:06 PM - product_views - INFO - searched keyword via itemdynamicsearchajax hel
2024-06-08 03:00:08 PM - product_views - INFO - searched keyword via itemdynamicsearchajax hel
2024-06-08 03:00:08 PM - product_views - INFO - searched keyword via itemdynamicsearchajax hel
2024-06-08 03:00:09 PM - product_views - INFO - searched keyword via itemdynamicsearchajax hel
2024-06-08 03:00:09 PM - product_views - INFO - searched keyword via itemdynamicsearchajax hel
2024-06-08 03:00:09 PM - product_views - INFO - searched keyword via itemdynamicsearchajax hel
2024-06-08 03:00:10 PM - product_views - INFO - searched keyword via itemdynamicsearchajax hel
2024-06-08 03:00:10 PM - product_views - INFO - searched keyword via itemdynamicsearchajax hel
2024-06-08 03:00:10 PM - product_views - INFO - searched keyword via itemdynamicsearchajax hel
2024-06-08 03:00:10 PM - product_views - INFO - searched keyword via itemdynamicsearchajax hel
2024-06-08 03:00:10 PM - product_views - INFO - searched keyword via itemdynamicsearchajax hel
2024-06-08 03:00:11 PM - product_views - INFO - searched keyword via itemdynamicsearchajax hel
2024-06-08 03:00:11 PM - product_views - INFO - searched keyword via itemdynamicsearchajax hel
2024-06-08 03:00:11 PM - product_views - INFO - searched keyword via itemdynamicsearchajax hel
2024-06-08 03:00:11 PM - product_views - INFO - searched keyword via itemdynamicsearchajax hel
2024-06-08 03:00:11 PM - product_views - INFO - searched keyword via itemdynamicsearchajax hel
2024-06-08 03:00:12 PM - product_views - INFO - searched keyword via itemdynamicsearchajax hel
2024-06-08 03:00:12 PM - product_views - INFO - searched keyword via itemdynamicsearchajax hel
2024-06-08 03:00:12 PM - product_views - INFO - searched keyword via itemdynamicsearchajax hel
2024-06-08 03:00:12 PM - product_views - INFO - searched keyword via itemdynamicsearchajax hel
2024-06-08 03:00:12 PM - product_views - INFO - searched keyword via itemdynamicsearchajax hel
2024-06-08 03:00:13 PM - product_views - INFO - searched keyword via itemdynamicsearchajax hel
2024-06-08 03:00:13 PM - product_views - INFO - searched keyword via itemdynamicsearchajax hel
2024-06-08 03:00:13 PM - product_views - INFO - searched keyword via itemdynamicsearchajax hel
2024-06-08 03:00:13 PM - product_views - INFO - searched keyword via itemdynamicsearchajax hel
2024-06-08 03:01:16 PM - product_views - INFO - searched keyword via itemdynamicsearchajax meal
2024-06-08 03:01:16 PM - product_views - INFO - searched keyword via itemdynamicsearchajax meal
2024-06-08 03:01:20 PM - product_views - INFO - searched keyword via itemdynamicsearchajax mea
2024-06-08 03:01:23 PM - product_views - INFO - searched keyword via itemdynamicsearchajax mel
2024-06-08 03:01:23 PM - product_views - INFO - searched result via itemdynamicsearchajax {5: 'MELANGE (CTC) BLGS MAROON', 2: 'MELANGE (CTC) BLGS L.GREY', 3: 'MELANGE (CTC) BLGS NAVY', 4: 'MELANGE (CTC) BLGS T.GREEN', 1: 'MELANGE (CTC) BLGS D.GREY', 16: 'ZIP8 H MELANGE L.GREY', 17: 'ZIP8 H MELANGE NAVY', 19: 'ZIP8 H MELANGE MAROON', 15: 'ZIP8 H MELANGE D.GREY', 43: 'MELANGE (ctc) BLGS YELLOW'}
2024-06-08 03:01:31 PM - product_views - INFO - searched keyword via itemdynamicsearchajax nir
2024-06-08 03:01:33 PM - product_views - INFO - searched keyword via itemdynamicsearchajax nirt
2024-06-08 03:01:35 PM - product_views - INFO - searched keyword via itemdynamicsearchajax nirtl
2024-06-08 03:01:36 PM - product_views - INFO - searched keyword via itemdynamicsearchajax nirt
2024-06-08 03:01:36 PM - product_views - INFO - searched keyword via itemdynamicsearchajax nir
2024-06-08 03:04:08 PM - product_views - INFO - searched keyword via itemdynamicsearchajax hel
2024-06-08 03:04:09 PM - product_views - INFO - searched keyword via itemdynamicsearchajax hela
2024-06-08 03:04:10 PM - product_views - INFO - searched keyword via itemdynamicsearchajax helan
2024-06-08 03:04:14 PM - product_views - INFO - searched keyword via itemdynamicsearchajax hela
2024-06-08 03:04:14 PM - product_views - INFO - searched keyword via itemdynamicsearchajax hel
2024-06-08 03:04:15 PM - product_views - INFO - searched keyword via itemdynamicsearchajax hme
2024-06-08 03:04:15 PM - product_views - INFO - searched keyword via itemdynamicsearchajax hmel
2024-06-08 03:04:17 PM - product_views - INFO - searched keyword via itemdynamicsearchajax hmelt
2024-06-08 03:04:18 PM - product_views - INFO - searched keyword via itemdynamicsearchajax hmelta
2024-06-08 03:07:01 PM - product_views - INFO - searched keyword via itemdynamicsearchajax hel
2024-06-08 03:07:02 PM - product_views - INFO - searched keyword via itemdynamicsearchajax hela
2024-06-08 03:07:03 PM - product_views - INFO - searched keyword via itemdynamicsearchajax hel
2024-06-08 03:07:05 PM - product_views - INFO - searched keyword via itemdynamicsearchajax hela
2024-06-08 03:07:07 PM - product_views - INFO - searched keyword via itemdynamicsearchajax hel
2024-06-08 03:07:11 PM - product_views - INFO - searched keyword via itemdynamicsearchajax hit
2024-06-08 03:07:11 PM - product_views - INFO - searched result via itemdynamicsearchajax {8: 'HITLON 5 MM', 9: 'HITLON 10 MM', 10: 'HITLON 2 MM', 11: 'HITLON 8 MM', 13: 'HITLON 3 MM', 31: 'MT LABEL COSMUS BK/WHITE', 32: 'MT LABEL BK/WHITE BRACKET'}
2024-06-08 03:07:13 PM - product_views - INFO - searched keyword via itemdynamicsearchajax him
2024-06-08 03:08:11 PM - product_views - INFO - searched keyword via itemdynamicsearchajax him
2024-06-08 03:08:15 PM - product_views - INFO - searched keyword via itemdynamicsearchajax hil
2024-06-08 03:08:15 PM - product_views - INFO - searched keyword via itemdynamicsearchajax hilo
2024-06-08 03:08:17 PM - product_views - INFO - searched keyword via itemdynamicsearchajax hilon
2024-06-08 03:08:18 PM - product_views - INFO - searched keyword via itemdynamicsearchajax hilo
2024-06-08 03:08:18 PM - product_views - INFO - searched keyword via itemdynamicsearchajax hil
2024-06-08 03:08:23 PM - product_views - INFO - searched keyword via itemdynamicsearchajax hit
2024-06-08 03:08:23 PM - product_views - INFO - searched result via itemdynamicsearchajax {8: 'HITLON 5 MM', 9: 'HITLON 10 MM', 10: 'HITLON 2 MM', 11: 'HITLON 8 MM', 13: 'HITLON 3 MM', 31: 'MT LABEL COSMUS BK/WHITE', 32: 'MT LABEL BK/WHITE BRACKET'}
2024-06-08 03:08:25 PM - product_views - INFO - searched keyword via itemdynamicsearchajax hil
2024-06-08 03:08:27 PM - product_views - INFO - searched keyword via itemdynamicsearchajax hilo
2024-06-08 03:08:28 PM - product_views - INFO - searched keyword via itemdynamicsearchajax hilon
2024-06-08 03:08:51 PM - product_views - INFO - searched keyword via itemdynamicsearchajax hilon
2024-06-08 03:08:55 PM - product_views - INFO - searched keyword via itemdynamicsearchajax hil
2024-06-08 03:08:56 PM - product_views - INFO - searched keyword via itemdynamicsearchajax hilo
2024-06-08 03:08:57 PM - product_views - INFO - searched keyword via itemdynamicsearchajax hil
2024-06-08 03:09:19 PM - product_views - INFO - searched keyword via itemdynamicsearchajax hil
2024-06-08 03:09:20 PM - product_views - INFO - searched keyword via itemdynamicsearchajax hilo
2024-06-08 03:21:10 PM - product_views - INFO - searched keyword via itemdynamicsearchajax mel
2024-06-08 03:21:10 PM - product_views - INFO - searched result via itemdynamicsearchajax {5: 'MELANGE (CTC) BLGS MAROON', 2: 'MELANGE (CTC) BLGS L.GREY', 3: 'MELANGE (CTC) BLGS NAVY', 4: 'MELANGE (CTC) BLGS T.GREEN', 1: 'MELANGE (CTC) BLGS D.GREY', 16: 'ZIP8 H MELANGE L.GREY', 17: 'ZIP8 H MELANGE NAVY', 19: 'ZIP8 H MELANGE MAROON', 15: 'ZIP8 H MELANGE D.GREY', 43: 'MELANGE (ctc) BLGS YELLOW'}
2024-06-08 03:21:12 PM - product_views - INFO - searched keyword via itemdynamicsearchajax mel
2024-06-08 03:21:12 PM - product_views - INFO - searched result via itemdynamicsearchajax {5: 'MELANGE (CTC) BLGS MAROON', 2: 'MELANGE (CTC) BLGS L.GREY', 3: 'MELANGE (CTC) BLGS NAVY', 4: 'MELANGE (CTC) BLGS T.GREEN', 1: 'MELANGE (CTC) BLGS D.GREY', 16: 'ZIP8 H MELANGE L.GREY', 17: 'ZIP8 H MELANGE NAVY', 19: 'ZIP8 H MELANGE MAROON', 15: 'ZIP8 H MELANGE D.GREY', 43: 'MELANGE (ctc) BLGS YELLOW'}
2024-06-08 03:21:13 PM - product_views - INFO - searched keyword via itemdynamicsearchajax mel
2024-06-08 03:21:13 PM - product_views - INFO - searched result via itemdynamicsearchajax {5: 'MELANGE (CTC) BLGS MAROON', 2: 'MELANGE (CTC) BLGS L.GREY', 3: 'MELANGE (CTC) BLGS NAVY', 4: 'MELANGE (CTC) BLGS T.GREEN', 1: 'MELANGE (CTC) BLGS D.GREY', 16: 'ZIP8 H MELANGE L.GREY', 17: 'ZIP8 H MELANGE NAVY', 19: 'ZIP8 H MELANGE MAROON', 15: 'ZIP8 H MELANGE D.GREY', 43: 'MELANGE (ctc) BLGS YELLOW'}
2024-06-08 03:21:14 PM - product_views - INFO - searched keyword via itemdynamicsearchajax mel
2024-06-08 03:21:14 PM - product_views - INFO - searched result via itemdynamicsearchajax {5: 'MELANGE (CTC) BLGS MAROON', 2: 'MELANGE (CTC) BLGS L.GREY', 3: 'MELANGE (CTC) BLGS NAVY', 4: 'MELANGE (CTC) BLGS T.GREEN', 1: 'MELANGE (CTC) BLGS D.GREY', 16: 'ZIP8 H MELANGE L.GREY', 17: 'ZIP8 H MELANGE NAVY', 19: 'ZIP8 H MELANGE MAROON', 15: 'ZIP8 H MELANGE D.GREY', 43: 'MELANGE (ctc) BLGS YELLOW'}
2024-06-08 03:21:15 PM - product_views - INFO - searched keyword via itemdynamicsearchajax mel
2024-06-08 03:21:15 PM - product_views - INFO - searched result via itemdynamicsearchajax {5: 'MELANGE (CTC) BLGS MAROON', 2: 'MELANGE (CTC) BLGS L.GREY', 3: 'MELANGE (CTC) BLGS NAVY', 4: 'MELANGE (CTC) BLGS T.GREEN', 1: 'MELANGE (CTC) BLGS D.GREY', 16: 'ZIP8 H MELANGE L.GREY', 17: 'ZIP8 H MELANGE NAVY', 19: 'ZIP8 H MELANGE MAROON', 15: 'ZIP8 H MELANGE D.GREY', 43: 'MELANGE (ctc) BLGS YELLOW'}
2024-06-08 03:21:16 PM - product_views - INFO - searched keyword via itemdynamicsearchajax mel
2024-06-08 03:21:16 PM - product_views - INFO - searched result via itemdynamicsearchajax {5: 'MELANGE (CTC) BLGS MAROON', 2: 'MELANGE (CTC) BLGS L.GREY', 3: 'MELANGE (CTC) BLGS NAVY', 4: 'MELANGE (CTC) BLGS T.GREEN', 1: 'MELANGE (CTC) BLGS D.GREY', 16: 'ZIP8 H MELANGE L.GREY', 17: 'ZIP8 H MELANGE NAVY', 19: 'ZIP8 H MELANGE MAROON', 15: 'ZIP8 H MELANGE D.GREY', 43: 'MELANGE (ctc) BLGS YELLOW'}
2024-06-08 03:21:16 PM - product_views - INFO - searched keyword via itemdynamicsearchajax mel
2024-06-08 03:21:16 PM - product_views - INFO - searched result via itemdynamicsearchajax {5: 'MELANGE (CTC) BLGS MAROON', 2: 'MELANGE (CTC) BLGS L.GREY', 3: 'MELANGE (CTC) BLGS NAVY', 4: 'MELANGE (CTC) BLGS T.GREEN', 1: 'MELANGE (CTC) BLGS D.GREY', 16: 'ZIP8 H MELANGE L.GREY', 17: 'ZIP8 H MELANGE NAVY', 19: 'ZIP8 H MELANGE MAROON', 15: 'ZIP8 H MELANGE D.GREY', 43: 'MELANGE (ctc) BLGS YELLOW'}
2024-06-08 03:21:16 PM - product_views - INFO - searched keyword via itemdynamicsearchajax mel
2024-06-08 03:21:17 PM - product_views - INFO - searched result via itemdynamicsearchajax {5: 'MELANGE (CTC) BLGS MAROON', 2: 'MELANGE (CTC) BLGS L.GREY', 3: 'MELANGE (CTC) BLGS NAVY', 4: 'MELANGE (CTC) BLGS T.GREEN', 1: 'MELANGE (CTC) BLGS D.GREY', 16: 'ZIP8 H MELANGE L.GREY', 17: 'ZIP8 H MELANGE NAVY', 19: 'ZIP8 H MELANGE MAROON', 15: 'ZIP8 H MELANGE D.GREY', 43: 'MELANGE (ctc) BLGS YELLOW'}
2024-06-08 03:21:17 PM - product_views - INFO - searched keyword via itemdynamicsearchajax mel
2024-06-08 03:21:17 PM - product_views - INFO - searched result via itemdynamicsearchajax {5: 'MELANGE (CTC) BLGS MAROON', 2: 'MELANGE (CTC) BLGS L.GREY', 3: 'MELANGE (CTC) BLGS NAVY', 4: 'MELANGE (CTC) BLGS T.GREEN', 1: 'MELANGE (CTC) BLGS D.GREY', 16: 'ZIP8 H MELANGE L.GREY', 17: 'ZIP8 H MELANGE NAVY', 19: 'ZIP8 H MELANGE MAROON', 15: 'ZIP8 H MELANGE D.GREY', 43: 'MELANGE (ctc) BLGS YELLOW'}
2024-06-08 03:21:17 PM - product_views - INFO - searched keyword via itemdynamicsearchajax mel
2024-06-08 03:21:17 PM - product_views - INFO - searched result via itemdynamicsearchajax {5: 'MELANGE (CTC) BLGS MAROON', 2: 'MELANGE (CTC) BLGS L.GREY', 3: 'MELANGE (CTC) BLGS NAVY', 4: 'MELANGE (CTC) BLGS T.GREEN', 1: 'MELANGE (CTC) BLGS D.GREY', 16: 'ZIP8 H MELANGE L.GREY', 17: 'ZIP8 H MELANGE NAVY', 19: 'ZIP8 H MELANGE MAROON', 15: 'ZIP8 H MELANGE D.GREY', 43: 'MELANGE (ctc) BLGS YELLOW'}
2024-06-08 03:21:18 PM - product_views - INFO - searched keyword via itemdynamicsearchajax mel
2024-06-08 03:21:18 PM - product_views - INFO - searched result via itemdynamicsearchajax {5: 'MELANGE (CTC) BLGS MAROON', 2: 'MELANGE (CTC) BLGS L.GREY', 3: 'MELANGE (CTC) BLGS NAVY', 4: 'MELANGE (CTC) BLGS T.GREEN', 1: 'MELANGE (CTC) BLGS D.GREY', 16: 'ZIP8 H MELANGE L.GREY', 17: 'ZIP8 H MELANGE NAVY', 19: 'ZIP8 H MELANGE MAROON', 15: 'ZIP8 H MELANGE D.GREY', 43: 'MELANGE (ctc) BLGS YELLOW'}
2024-06-08 03:21:18 PM - product_views - INFO - searched keyword via itemdynamicsearchajax mel
2024-06-08 03:21:18 PM - product_views - INFO - searched result via itemdynamicsearchajax {5: 'MELANGE (CTC) BLGS MAROON', 2: 'MELANGE (CTC) BLGS L.GREY', 3: 'MELANGE (CTC) BLGS NAVY', 4: 'MELANGE (CTC) BLGS T.GREEN', 1: 'MELANGE (CTC) BLGS D.GREY', 16: 'ZIP8 H MELANGE L.GREY', 17: 'ZIP8 H MELANGE NAVY', 19: 'ZIP8 H MELANGE MAROON', 15: 'ZIP8 H MELANGE D.GREY', 43: 'MELANGE (ctc) BLGS YELLOW'}
2024-06-08 03:21:28 PM - product_views - INFO - searched keyword via itemdynamicsearchajax mel
2024-06-08 03:21:28 PM - product_views - INFO - searched result via itemdynamicsearchajax {5: 'MELANGE (CTC) BLGS MAROON', 2: 'MELANGE (CTC) BLGS L.GREY', 3: 'MELANGE (CTC) BLGS NAVY', 4: 'MELANGE (CTC) BLGS T.GREEN', 1: 'MELANGE (CTC) BLGS D.GREY', 16: 'ZIP8 H MELANGE L.GREY', 17: 'ZIP8 H MELANGE NAVY', 19: 'ZIP8 H MELANGE MAROON', 15: 'ZIP8 H MELANGE D.GREY', 43: 'MELANGE (ctc) BLGS YELLOW'}
2024-06-08 03:21:29 PM - product_views - INFO - searched keyword via itemdynamicsearchajax mel
2024-06-08 03:21:29 PM - product_views - INFO - searched result via itemdynamicsearchajax {5: 'MELANGE (CTC) BLGS MAROON', 2: 'MELANGE (CTC) BLGS L.GREY', 3: 'MELANGE (CTC) BLGS NAVY', 4: 'MELANGE (CTC) BLGS T.GREEN', 1: 'MELANGE (CTC) BLGS D.GREY', 16: 'ZIP8 H MELANGE L.GREY', 17: 'ZIP8 H MELANGE NAVY', 19: 'ZIP8 H MELANGE MAROON', 15: 'ZIP8 H MELANGE D.GREY', 43: 'MELANGE (ctc) BLGS YELLOW'}
2024-06-08 03:21:30 PM - product_views - INFO - searched keyword via itemdynamicsearchajax mel
2024-06-08 03:21:30 PM - product_views - INFO - searched result via itemdynamicsearchajax {5: 'MELANGE (CTC) BLGS MAROON', 2: 'MELANGE (CTC) BLGS L.GREY', 3: 'MELANGE (CTC) BLGS NAVY', 4: 'MELANGE (CTC) BLGS T.GREEN', 1: 'MELANGE (CTC) BLGS D.GREY', 16: 'ZIP8 H MELANGE L.GREY', 17: 'ZIP8 H MELANGE NAVY', 19: 'ZIP8 H MELANGE MAROON', 15: 'ZIP8 H MELANGE D.GREY', 43: 'MELANGE (ctc) BLGS YELLOW'}
2024-06-08 03:21:30 PM - product_views - INFO - searched keyword via itemdynamicsearchajax mel
2024-06-08 03:21:30 PM - product_views - INFO - searched result via itemdynamicsearchajax {5: 'MELANGE (CTC) BLGS MAROON', 2: 'MELANGE (CTC) BLGS L.GREY', 3: 'MELANGE (CTC) BLGS NAVY', 4: 'MELANGE (CTC) BLGS T.GREEN', 1: 'MELANGE (CTC) BLGS D.GREY', 16: 'ZIP8 H MELANGE L.GREY', 17: 'ZIP8 H MELANGE NAVY', 19: 'ZIP8 H MELANGE MAROON', 15: 'ZIP8 H MELANGE D.GREY', 43: 'MELANGE (ctc) BLGS YELLOW'}
2024-06-08 03:21:37 PM - product_views - INFO - searched keyword via itemdynamicsearchajax mel
2024-06-08 03:21:37 PM - product_views - INFO - searched result via itemdynamicsearchajax {5: 'MELANGE (CTC) BLGS MAROON', 2: 'MELANGE (CTC) BLGS L.GREY', 3: 'MELANGE (CTC) BLGS NAVY', 4: 'MELANGE (CTC) BLGS T.GREEN', 1: 'MELANGE (CTC) BLGS D.GREY', 16: 'ZIP8 H MELANGE L.GREY', 17: 'ZIP8 H MELANGE NAVY', 19: 'ZIP8 H MELANGE MAROON', 15: 'ZIP8 H MELANGE D.GREY', 43: 'MELANGE (ctc) BLGS YELLOW'}
2024-06-08 03:21:42 PM - product_views - INFO - searched keyword via itemdynamicsearchajax mel
2024-06-08 03:21:42 PM - product_views - INFO - searched result via itemdynamicsearchajax {5: 'MELANGE (CTC) BLGS MAROON', 2: 'MELANGE (CTC) BLGS L.GREY', 3: 'MELANGE (CTC) BLGS NAVY', 4: 'MELANGE (CTC) BLGS T.GREEN', 1: 'MELANGE (CTC) BLGS D.GREY', 16: 'ZIP8 H MELANGE L.GREY', 17: 'ZIP8 H MELANGE NAVY', 19: 'ZIP8 H MELANGE MAROON', 15: 'ZIP8 H MELANGE D.GREY', 43: 'MELANGE (ctc) BLGS YELLOW'}
2024-06-08 03:21:45 PM - product_views - INFO - searched keyword via itemdynamicsearchajax mel
2024-06-08 03:21:45 PM - product_views - INFO - searched result via itemdynamicsearchajax {5: 'MELANGE (CTC) BLGS MAROON', 2: 'MELANGE (CTC) BLGS L.GREY', 3: 'MELANGE (CTC) BLGS NAVY', 4: 'MELANGE (CTC) BLGS T.GREEN', 1: 'MELANGE (CTC) BLGS D.GREY', 16: 'ZIP8 H MELANGE L.GREY', 17: 'ZIP8 H MELANGE NAVY', 19: 'ZIP8 H MELANGE MAROON', 15: 'ZIP8 H MELANGE D.GREY', 43: 'MELANGE (ctc) BLGS YELLOW'}
2024-06-08 04:03:36 PM - product_views - INFO - searched keyword via itemdynamicsearchajax mel
2024-06-08 04:03:36 PM - product_views - INFO - searched result via itemdynamicsearchajax {5: 'MELANGE (CTC) BLGS MAROON', 2: 'MELANGE (CTC) BLGS L.GREY', 3: 'MELANGE (CTC) BLGS NAVY', 4: 'MELANGE (CTC) BLGS T.GREEN', 1: 'MELANGE (CTC) BLGS D.GREY', 16: 'ZIP8 H MELANGE L.GREY', 17: 'ZIP8 H MELANGE NAVY', 19: 'ZIP8 H MELANGE MAROON', 15: 'ZIP8 H MELANGE D.GREY', 43: 'MELANGE (ctc) BLGS YELLOW'}
2024-06-08 04:03:40 PM - product_views - INFO - searched keyword via itemdynamicsearchajax mel
2024-06-08 04:03:40 PM - product_views - INFO - searched result via itemdynamicsearchajax {5: 'MELANGE (CTC) BLGS MAROON', 2: 'MELANGE (CTC) BLGS L.GREY', 3: 'MELANGE (CTC) BLGS NAVY', 4: 'MELANGE (CTC) BLGS T.GREEN', 1: 'MELANGE (CTC) BLGS D.GREY', 16: 'ZIP8 H MELANGE L.GREY', 17: 'ZIP8 H MELANGE NAVY', 19: 'ZIP8 H MELANGE MAROON', 15: 'ZIP8 H MELANGE D.GREY', 43: 'MELANGE (ctc) BLGS YELLOW'}
2024-06-08 04:03:41 PM - product_views - INFO - searched keyword via itemdynamicsearchajax mel
2024-06-08 04:03:41 PM - product_views - INFO - searched result via itemdynamicsearchajax {5: 'MELANGE (CTC) BLGS MAROON', 2: 'MELANGE (CTC) BLGS L.GREY', 3: 'MELANGE (CTC) BLGS NAVY', 4: 'MELANGE (CTC) BLGS T.GREEN', 1: 'MELANGE (CTC) BLGS D.GREY', 16: 'ZIP8 H MELANGE L.GREY', 17: 'ZIP8 H MELANGE NAVY', 19: 'ZIP8 H MELANGE MAROON', 15: 'ZIP8 H MELANGE D.GREY', 43: 'MELANGE (ctc) BLGS YELLOW'}
2024-06-08 04:03:41 PM - product_views - INFO - searched keyword via itemdynamicsearchajax mel
2024-06-08 04:03:42 PM - product_views - INFO - searched result via itemdynamicsearchajax {5: 'MELANGE (CTC) BLGS MAROON', 2: 'MELANGE (CTC) BLGS L.GREY', 3: 'MELANGE (CTC) BLGS NAVY', 4: 'MELANGE (CTC) BLGS T.GREEN', 1: 'MELANGE (CTC) BLGS D.GREY', 16: 'ZIP8 H MELANGE L.GREY', 17: 'ZIP8 H MELANGE NAVY', 19: 'ZIP8 H MELANGE MAROON', 15: 'ZIP8 H MELANGE D.GREY', 43: 'MELANGE (ctc) BLGS YELLOW'}
2024-06-08 04:03:42 PM - product_views - INFO - searched keyword via itemdynamicsearchajax mel
2024-06-08 04:03:42 PM - product_views - INFO - searched result via itemdynamicsearchajax {5: 'MELANGE (CTC) BLGS MAROON', 2: 'MELANGE (CTC) BLGS L.GREY', 3: 'MELANGE (CTC) BLGS NAVY', 4: 'MELANGE (CTC) BLGS T.GREEN', 1: 'MELANGE (CTC) BLGS D.GREY', 16: 'ZIP8 H MELANGE L.GREY', 17: 'ZIP8 H MELANGE NAVY', 19: 'ZIP8 H MELANGE MAROON', 15: 'ZIP8 H MELANGE D.GREY', 43: 'MELANGE (ctc) BLGS YELLOW'}
2024-06-08 04:03:42 PM - product_views - INFO - searched keyword via itemdynamicsearchajax mel
2024-06-08 04:03:42 PM - product_views - INFO - searched result via itemdynamicsearchajax {5: 'MELANGE (CTC) BLGS MAROON', 2: 'MELANGE (CTC) BLGS L.GREY', 3: 'MELANGE (CTC) BLGS NAVY', 4: 'MELANGE (CTC) BLGS T.GREEN', 1: 'MELANGE (CTC) BLGS D.GREY', 16: 'ZIP8 H MELANGE L.GREY', 17: 'ZIP8 H MELANGE NAVY', 19: 'ZIP8 H MELANGE MAROON', 15: 'ZIP8 H MELANGE D.GREY', 43: 'MELANGE (ctc) BLGS YELLOW'}
2024-06-08 04:03:42 PM - product_views - INFO - searched keyword via itemdynamicsearchajax mel
2024-06-08 04:03:43 PM - product_views - INFO - searched result via itemdynamicsearchajax {5: 'MELANGE (CTC) BLGS MAROON', 2: 'MELANGE (CTC) BLGS L.GREY', 3: 'MELANGE (CTC) BLGS NAVY', 4: 'MELANGE (CTC) BLGS T.GREEN', 1: 'MELANGE (CTC) BLGS D.GREY', 16: 'ZIP8 H MELANGE L.GREY', 17: 'ZIP8 H MELANGE NAVY', 19: 'ZIP8 H MELANGE MAROON', 15: 'ZIP8 H MELANGE D.GREY', 43: 'MELANGE (ctc) BLGS YELLOW'}
2024-06-08 04:03:43 PM - product_views - INFO - searched keyword via itemdynamicsearchajax mel
2024-06-08 04:03:43 PM - product_views - INFO - searched result via itemdynamicsearchajax {5: 'MELANGE (CTC) BLGS MAROON', 2: 'MELANGE (CTC) BLGS L.GREY', 3: 'MELANGE (CTC) BLGS NAVY', 4: 'MELANGE (CTC) BLGS T.GREEN', 1: 'MELANGE (CTC) BLGS D.GREY', 16: 'ZIP8 H MELANGE L.GREY', 17: 'ZIP8 H MELANGE NAVY', 19: 'ZIP8 H MELANGE MAROON', 15: 'ZIP8 H MELANGE D.GREY', 43: 'MELANGE (ctc) BLGS YELLOW'}
2024-06-08 04:11:18 PM - product_views - INFO - searched keyword via itemdynamicsearchajax mel
2024-06-08 04:11:18 PM - product_views - INFO - searched result via itemdynamicsearchajax {5: 'MELANGE (CTC) BLGS MAROON', 2: 'MELANGE (CTC) BLGS L.GREY', 3: 'MELANGE (CTC) BLGS NAVY', 4: 'MELANGE (CTC) BLGS T.GREEN', 1: 'MELANGE (CTC) BLGS D.GREY', 16: 'ZIP8 H MELANGE L.GREY', 17: 'ZIP8 H MELANGE NAVY', 19: 'ZIP8 H MELANGE MAROON', 15: 'ZIP8 H MELANGE D.GREY', 43: 'MELANGE (ctc) BLGS YELLOW'}
2024-06-08 04:11:23 PM - product_views - INFO - searched keyword via itemdynamicsearchajax mel
2024-06-08 04:11:23 PM - product_views - INFO - searched result via itemdynamicsearchajax {5: 'MELANGE (CTC) BLGS MAROON', 2: 'MELANGE (CTC) BLGS L.GREY', 3: 'MELANGE (CTC) BLGS NAVY', 4: 'MELANGE (CTC) BLGS T.GREEN', 1: 'MELANGE (CTC) BLGS D.GREY', 16: 'ZIP8 H MELANGE L.GREY', 17: 'ZIP8 H MELANGE NAVY', 19: 'ZIP8 H MELANGE MAROON', 15: 'ZIP8 H MELANGE D.GREY', 43: 'MELANGE (ctc) BLGS YELLOW'}
2024-06-08 04:11:24 PM - product_views - INFO - searched keyword via itemdynamicsearchajax mel
2024-06-08 04:11:24 PM - product_views - INFO - searched result via itemdynamicsearchajax {5: 'MELANGE (CTC) BLGS MAROON', 2: 'MELANGE (CTC) BLGS L.GREY', 3: 'MELANGE (CTC) BLGS NAVY', 4: 'MELANGE (CTC) BLGS T.GREEN', 1: 'MELANGE (CTC) BLGS D.GREY', 16: 'ZIP8 H MELANGE L.GREY', 17: 'ZIP8 H MELANGE NAVY', 19: 'ZIP8 H MELANGE MAROON', 15: 'ZIP8 H MELANGE D.GREY', 43: 'MELANGE (ctc) BLGS YELLOW'}
2024-06-08 04:11:41 PM - product_views - INFO - searched keyword via itemdynamicsearchajax mel
2024-06-08 04:11:41 PM - product_views - INFO - searched result via itemdynamicsearchajax {5: 'MELANGE (CTC) BLGS MAROON', 2: 'MELANGE (CTC) BLGS L.GREY', 3: 'MELANGE (CTC) BLGS NAVY', 4: 'MELANGE (CTC) BLGS T.GREEN', 1: 'MELANGE (CTC) BLGS D.GREY', 16: 'ZIP8 H MELANGE L.GREY', 17: 'ZIP8 H MELANGE NAVY', 19: 'ZIP8 H MELANGE MAROON', 15: 'ZIP8 H MELANGE D.GREY', 43: 'MELANGE (ctc) BLGS YELLOW'}
2024-06-08 04:11:42 PM - product_views - INFO - searched keyword via itemdynamicsearchajax mel
2024-06-08 04:11:42 PM - product_views - INFO - searched result via itemdynamicsearchajax {5: 'MELANGE (CTC) BLGS MAROON', 2: 'MELANGE (CTC) BLGS L.GREY', 3: 'MELANGE (CTC) BLGS NAVY', 4: 'MELANGE (CTC) BLGS T.GREEN', 1: 'MELANGE (CTC) BLGS D.GREY', 16: 'ZIP8 H MELANGE L.GREY', 17: 'ZIP8 H MELANGE NAVY', 19: 'ZIP8 H MELANGE MAROON', 15: 'ZIP8 H MELANGE D.GREY', 43: 'MELANGE (ctc) BLGS YELLOW'}
2024-06-08 04:11:42 PM - product_views - INFO - searched keyword via itemdynamicsearchajax mel
2024-06-08 04:11:43 PM - product_views - INFO - searched result via itemdynamicsearchajax {5: 'MELANGE (CTC) BLGS MAROON', 2: 'MELANGE (CTC) BLGS L.GREY', 3: 'MELANGE (CTC) BLGS NAVY', 4: 'MELANGE (CTC) BLGS T.GREEN', 1: 'MELANGE (CTC) BLGS D.GREY', 16: 'ZIP8 H MELANGE L.GREY', 17: 'ZIP8 H MELANGE NAVY', 19: 'ZIP8 H MELANGE MAROON', 15: 'ZIP8 H MELANGE D.GREY', 43: 'MELANGE (ctc) BLGS YELLOW'}
2024-06-08 04:11:44 PM - product_views - INFO - searched keyword via itemdynamicsearchajax mel
2024-06-08 04:11:44 PM - product_views - INFO - searched result via itemdynamicsearchajax {5: 'MELANGE (CTC) BLGS MAROON', 2: 'MELANGE (CTC) BLGS L.GREY', 3: 'MELANGE (CTC) BLGS NAVY', 4: 'MELANGE (CTC) BLGS T.GREEN', 1: 'MELANGE (CTC) BLGS D.GREY', 16: 'ZIP8 H MELANGE L.GREY', 17: 'ZIP8 H MELANGE NAVY', 19: 'ZIP8 H MELANGE MAROON', 15: 'ZIP8 H MELANGE D.GREY', 43: 'MELANGE (ctc) BLGS YELLOW'}
2024-06-08 04:11:44 PM - product_views - INFO - searched keyword via itemdynamicsearchajax mel
2024-06-08 04:11:44 PM - product_views - INFO - searched result via itemdynamicsearchajax {5: 'MELANGE (CTC) BLGS MAROON', 2: 'MELANGE (CTC) BLGS L.GREY', 3: 'MELANGE (CTC) BLGS NAVY', 4: 'MELANGE (CTC) BLGS T.GREEN', 1: 'MELANGE (CTC) BLGS D.GREY', 16: 'ZIP8 H MELANGE L.GREY', 17: 'ZIP8 H MELANGE NAVY', 19: 'ZIP8 H MELANGE MAROON', 15: 'ZIP8 H MELANGE D.GREY', 43: 'MELANGE (ctc) BLGS YELLOW'}
2024-06-08 04:11:44 PM - product_views - INFO - searched keyword via itemdynamicsearchajax mel
2024-06-08 04:11:45 PM - product_views - INFO - searched result via itemdynamicsearchajax {5: 'MELANGE (CTC) BLGS MAROON', 2: 'MELANGE (CTC) BLGS L.GREY', 3: 'MELANGE (CTC) BLGS NAVY', 4: 'MELANGE (CTC) BLGS T.GREEN', 1: 'MELANGE (CTC) BLGS D.GREY', 16: 'ZIP8 H MELANGE L.GREY', 17: 'ZIP8 H MELANGE NAVY', 19: 'ZIP8 H MELANGE MAROON', 15: 'ZIP8 H MELANGE D.GREY', 43: 'MELANGE (ctc) BLGS YELLOW'}
2024-06-08 04:11:45 PM - product_views - INFO - searched keyword via itemdynamicsearchajax mel
2024-06-08 04:11:45 PM - product_views - INFO - searched result via itemdynamicsearchajax {5: 'MELANGE (CTC) BLGS MAROON', 2: 'MELANGE (CTC) BLGS L.GREY', 3: 'MELANGE (CTC) BLGS NAVY', 4: 'MELANGE (CTC) BLGS T.GREEN', 1: 'MELANGE (CTC) BLGS D.GREY', 16: 'ZIP8 H MELANGE L.GREY', 17: 'ZIP8 H MELANGE NAVY', 19: 'ZIP8 H MELANGE MAROON', 15: 'ZIP8 H MELANGE D.GREY', 43: 'MELANGE (ctc) BLGS YELLOW'}
2024-06-08 04:14:43 PM - product_views - INFO - searched keyword via itemdynamicsearchajax mel
2024-06-08 04:14:44 PM - product_views - INFO - searched result via itemdynamicsearchajax {5: 'MELANGE (CTC) BLGS MAROON', 2: 'MELANGE (CTC) BLGS L.GREY', 3: 'MELANGE (CTC) BLGS NAVY', 4: 'MELANGE (CTC) BLGS T.GREEN', 1: 'MELANGE (CTC) BLGS D.GREY', 16: 'ZIP8 H MELANGE L.GREY', 17: 'ZIP8 H MELANGE NAVY', 19: 'ZIP8 H MELANGE MAROON', 15: 'ZIP8 H MELANGE D.GREY', 43: 'MELANGE (ctc) BLGS YELLOW'}
2024-06-08 04:14:48 PM - product_views - INFO - searched keyword via itemdynamicsearchajax mel
2024-06-08 04:14:48 PM - product_views - INFO - searched result via itemdynamicsearchajax {5: 'MELANGE (CTC) BLGS MAROON', 2: 'MELANGE (CTC) BLGS L.GREY', 3: 'MELANGE (CTC) BLGS NAVY', 4: 'MELANGE (CTC) BLGS T.GREEN', 1: 'MELANGE (CTC) BLGS D.GREY', 16: 'ZIP8 H MELANGE L.GREY', 17: 'ZIP8 H MELANGE NAVY', 19: 'ZIP8 H MELANGE MAROON', 15: 'ZIP8 H MELANGE D.GREY', 43: 'MELANGE (ctc) BLGS YELLOW'}
2024-06-08 04:14:50 PM - product_views - INFO - searched keyword via itemdynamicsearchajax mel
2024-06-08 04:14:50 PM - product_views - INFO - searched result via itemdynamicsearchajax {5: 'MELANGE (CTC) BLGS MAROON', 2: 'MELANGE (CTC) BLGS L.GREY', 3: 'MELANGE (CTC) BLGS NAVY', 4: 'MELANGE (CTC) BLGS T.GREEN', 1: 'MELANGE (CTC) BLGS D.GREY', 16: 'ZIP8 H MELANGE L.GREY', 17: 'ZIP8 H MELANGE NAVY', 19: 'ZIP8 H MELANGE MAROON', 15: 'ZIP8 H MELANGE D.GREY', 43: 'MELANGE (ctc) BLGS YELLOW'}
2024-06-08 04:14:50 PM - product_views - INFO - searched keyword via itemdynamicsearchajax mel
2024-06-08 04:14:51 PM - product_views - INFO - searched result via itemdynamicsearchajax {5: 'MELANGE (CTC) BLGS MAROON', 2: 'MELANGE (CTC) BLGS L.GREY', 3: 'MELANGE (CTC) BLGS NAVY', 4: 'MELANGE (CTC) BLGS T.GREEN', 1: 'MELANGE (CTC) BLGS D.GREY', 16: 'ZIP8 H MELANGE L.GREY', 17: 'ZIP8 H MELANGE NAVY', 19: 'ZIP8 H MELANGE MAROON', 15: 'ZIP8 H MELANGE D.GREY', 43: 'MELANGE (ctc) BLGS YELLOW'}
2024-06-08 04:14:51 PM - product_views - INFO - searched keyword via itemdynamicsearchajax mel
2024-06-08 04:14:51 PM - product_views - INFO - searched result via itemdynamicsearchajax {5: 'MELANGE (CTC) BLGS MAROON', 2: 'MELANGE (CTC) BLGS L.GREY', 3: 'MELANGE (CTC) BLGS NAVY', 4: 'MELANGE (CTC) BLGS T.GREEN', 1: 'MELANGE (CTC) BLGS D.GREY', 16: 'ZIP8 H MELANGE L.GREY', 17: 'ZIP8 H MELANGE NAVY', 19: 'ZIP8 H MELANGE MAROON', 15: 'ZIP8 H MELANGE D.GREY', 43: 'MELANGE (ctc) BLGS YELLOW'}
2024-06-08 04:14:51 PM - product_views - INFO - searched keyword via itemdynamicsearchajax mel
2024-06-08 04:14:51 PM - product_views - INFO - searched result via itemdynamicsearchajax {5: 'MELANGE (CTC) BLGS MAROON', 2: 'MELANGE (CTC) BLGS L.GREY', 3: 'MELANGE (CTC) BLGS NAVY', 4: 'MELANGE (CTC) BLGS T.GREEN', 1: 'MELANGE (CTC) BLGS D.GREY', 16: 'ZIP8 H MELANGE L.GREY', 17: 'ZIP8 H MELANGE NAVY', 19: 'ZIP8 H MELANGE MAROON', 15: 'ZIP8 H MELANGE D.GREY', 43: 'MELANGE (ctc) BLGS YELLOW'}
2024-06-08 04:14:51 PM - product_views - INFO - searched keyword via itemdynamicsearchajax mel
2024-06-08 04:14:52 PM - product_views - INFO - searched result via itemdynamicsearchajax {5: 'MELANGE (CTC) BLGS MAROON', 2: 'MELANGE (CTC) BLGS L.GREY', 3: 'MELANGE (CTC) BLGS NAVY', 4: 'MELANGE (CTC) BLGS T.GREEN', 1: 'MELANGE (CTC) BLGS D.GREY', 16: 'ZIP8 H MELANGE L.GREY', 17: 'ZIP8 H MELANGE NAVY', 19: 'ZIP8 H MELANGE MAROON', 15: 'ZIP8 H MELANGE D.GREY', 43: 'MELANGE (ctc) BLGS YELLOW'}
2024-06-08 04:14:52 PM - product_views - INFO - searched keyword via itemdynamicsearchajax mel
2024-06-08 04:14:52 PM - product_views - INFO - searched result via itemdynamicsearchajax {5: 'MELANGE (CTC) BLGS MAROON', 2: 'MELANGE (CTC) BLGS L.GREY', 3: 'MELANGE (CTC) BLGS NAVY', 4: 'MELANGE (CTC) BLGS T.GREEN', 1: 'MELANGE (CTC) BLGS D.GREY', 16: 'ZIP8 H MELANGE L.GREY', 17: 'ZIP8 H MELANGE NAVY', 19: 'ZIP8 H MELANGE MAROON', 15: 'ZIP8 H MELANGE D.GREY', 43: 'MELANGE (ctc) BLGS YELLOW'}
2024-06-08 04:14:52 PM - product_views - INFO - searched keyword via itemdynamicsearchajax mel
2024-06-08 04:14:52 PM - product_views - INFO - searched result via itemdynamicsearchajax {5: 'MELANGE (CTC) BLGS MAROON', 2: 'MELANGE (CTC) BLGS L.GREY', 3: 'MELANGE (CTC) BLGS NAVY', 4: 'MELANGE (CTC) BLGS T.GREEN', 1: 'MELANGE (CTC) BLGS D.GREY', 16: 'ZIP8 H MELANGE L.GREY', 17: 'ZIP8 H MELANGE NAVY', 19: 'ZIP8 H MELANGE MAROON', 15: 'ZIP8 H MELANGE D.GREY', 43: 'MELANGE (ctc) BLGS YELLOW'}
2024-06-08 04:14:52 PM - product_views - INFO - searched keyword via itemdynamicsearchajax mel
2024-06-08 04:14:52 PM - product_views - INFO - searched result via itemdynamicsearchajax {5: 'MELANGE (CTC) BLGS MAROON', 2: 'MELANGE (CTC) BLGS L.GREY', 3: 'MELANGE (CTC) BLGS NAVY', 4: 'MELANGE (CTC) BLGS T.GREEN', 1: 'MELANGE (CTC) BLGS D.GREY', 16: 'ZIP8 H MELANGE L.GREY', 17: 'ZIP8 H MELANGE NAVY', 19: 'ZIP8 H MELANGE MAROON', 15: 'ZIP8 H MELANGE D.GREY', 43: 'MELANGE (ctc) BLGS YELLOW'}
2024-06-08 04:14:53 PM - product_views - INFO - searched keyword via itemdynamicsearchajax mel
2024-06-08 04:14:53 PM - product_views - INFO - searched result via itemdynamicsearchajax {5: 'MELANGE (CTC) BLGS MAROON', 2: 'MELANGE (CTC) BLGS L.GREY', 3: 'MELANGE (CTC) BLGS NAVY', 4: 'MELANGE (CTC) BLGS T.GREEN', 1: 'MELANGE (CTC) BLGS D.GREY', 16: 'ZIP8 H MELANGE L.GREY', 17: 'ZIP8 H MELANGE NAVY', 19: 'ZIP8 H MELANGE MAROON', 15: 'ZIP8 H MELANGE D.GREY', 43: 'MELANGE (ctc) BLGS YELLOW'}
2024-06-08 04:14:53 PM - product_views - INFO - searched keyword via itemdynamicsearchajax mel
2024-06-08 04:14:54 PM - product_views - INFO - searched result via itemdynamicsearchajax {5: 'MELANGE (CTC) BLGS MAROON', 2: 'MELANGE (CTC) BLGS L.GREY', 3: 'MELANGE (CTC) BLGS NAVY', 4: 'MELANGE (CTC) BLGS T.GREEN', 1: 'MELANGE (CTC) BLGS D.GREY', 16: 'ZIP8 H MELANGE L.GREY', 17: 'ZIP8 H MELANGE NAVY', 19: 'ZIP8 H MELANGE MAROON', 15: 'ZIP8 H MELANGE D.GREY', 43: 'MELANGE (ctc) BLGS YELLOW'}
2024-06-08 04:14:54 PM - product_views - INFO - searched keyword via itemdynamicsearchajax mel
2024-06-08 04:14:54 PM - product_views - INFO - searched result via itemdynamicsearchajax {5: 'MELANGE (CTC) BLGS MAROON', 2: 'MELANGE (CTC) BLGS L.GREY', 3: 'MELANGE (CTC) BLGS NAVY', 4: 'MELANGE (CTC) BLGS T.GREEN', 1: 'MELANGE (CTC) BLGS D.GREY', 16: 'ZIP8 H MELANGE L.GREY', 17: 'ZIP8 H MELANGE NAVY', 19: 'ZIP8 H MELANGE MAROON', 15: 'ZIP8 H MELANGE D.GREY', 43: 'MELANGE (ctc) BLGS YELLOW'}
2024-06-08 04:14:55 PM - product_views - INFO - searched keyword via itemdynamicsearchajax mel
2024-06-08 04:14:56 PM - product_views - INFO - searched result via itemdynamicsearchajax {5: 'MELANGE (CTC) BLGS MAROON', 2: 'MELANGE (CTC) BLGS L.GREY', 3: 'MELANGE (CTC) BLGS NAVY', 4: 'MELANGE (CTC) BLGS T.GREEN', 1: 'MELANGE (CTC) BLGS D.GREY', 16: 'ZIP8 H MELANGE L.GREY', 17: 'ZIP8 H MELANGE NAVY', 19: 'ZIP8 H MELANGE MAROON', 15: 'ZIP8 H MELANGE D.GREY', 43: 'MELANGE (ctc) BLGS YELLOW'}
2024-06-08 04:14:56 PM - product_views - INFO - searched keyword via itemdynamicsearchajax mel
2024-06-08 04:14:56 PM - product_views - INFO - searched result via itemdynamicsearchajax {5: 'MELANGE (CTC) BLGS MAROON', 2: 'MELANGE (CTC) BLGS L.GREY', 3: 'MELANGE (CTC) BLGS NAVY', 4: 'MELANGE (CTC) BLGS T.GREEN', 1: 'MELANGE (CTC) BLGS D.GREY', 16: 'ZIP8 H MELANGE L.GREY', 17: 'ZIP8 H MELANGE NAVY', 19: 'ZIP8 H MELANGE MAROON', 15: 'ZIP8 H MELANGE D.GREY', 43: 'MELANGE (ctc) BLGS YELLOW'}
2024-06-08 04:14:56 PM - product_views - INFO - searched keyword via itemdynamicsearchajax mel
2024-06-08 04:14:56 PM - product_views - INFO - searched result via itemdynamicsearchajax {5: 'MELANGE (CTC) BLGS MAROON', 2: 'MELANGE (CTC) BLGS L.GREY', 3: 'MELANGE (CTC) BLGS NAVY', 4: 'MELANGE (CTC) BLGS T.GREEN', 1: 'MELANGE (CTC) BLGS D.GREY', 16: 'ZIP8 H MELANGE L.GREY', 17: 'ZIP8 H MELANGE NAVY', 19: 'ZIP8 H MELANGE MAROON', 15: 'ZIP8 H MELANGE D.GREY', 43: 'MELANGE (ctc) BLGS YELLOW'}
2024-06-08 04:14:56 PM - product_views - INFO - searched keyword via itemdynamicsearchajax mel
2024-06-08 04:14:56 PM - product_views - INFO - searched result via itemdynamicsearchajax {5: 'MELANGE (CTC) BLGS MAROON', 2: 'MELANGE (CTC) BLGS L.GREY', 3: 'MELANGE (CTC) BLGS NAVY', 4: 'MELANGE (CTC) BLGS T.GREEN', 1: 'MELANGE (CTC) BLGS D.GREY', 16: 'ZIP8 H MELANGE L.GREY', 17: 'ZIP8 H MELANGE NAVY', 19: 'ZIP8 H MELANGE MAROON', 15: 'ZIP8 H MELANGE D.GREY', 43: 'MELANGE (ctc) BLGS YELLOW'}
2024-06-08 04:14:57 PM - product_views - INFO - searched keyword via itemdynamicsearchajax mel
2024-06-08 04:14:57 PM - product_views - INFO - searched result via itemdynamicsearchajax {5: 'MELANGE (CTC) BLGS MAROON', 2: 'MELANGE (CTC) BLGS L.GREY', 3: 'MELANGE (CTC) BLGS NAVY', 4: 'MELANGE (CTC) BLGS T.GREEN', 1: 'MELANGE (CTC) BLGS D.GREY', 16: 'ZIP8 H MELANGE L.GREY', 17: 'ZIP8 H MELANGE NAVY', 19: 'ZIP8 H MELANGE MAROON', 15: 'ZIP8 H MELANGE D.GREY', 43: 'MELANGE (ctc) BLGS YELLOW'}
2024-06-08 04:14:57 PM - product_views - INFO - searched keyword via itemdynamicsearchajax mel
2024-06-08 04:14:57 PM - product_views - INFO - searched result via itemdynamicsearchajax {5: 'MELANGE (CTC) BLGS MAROON', 2: 'MELANGE (CTC) BLGS L.GREY', 3: 'MELANGE (CTC) BLGS NAVY', 4: 'MELANGE (CTC) BLGS T.GREEN', 1: 'MELANGE (CTC) BLGS D.GREY', 16: 'ZIP8 H MELANGE L.GREY', 17: 'ZIP8 H MELANGE NAVY', 19: 'ZIP8 H MELANGE MAROON', 15: 'ZIP8 H MELANGE D.GREY', 43: 'MELANGE (ctc) BLGS YELLOW'}
2024-06-08 04:14:57 PM - product_views - INFO - searched keyword via itemdynamicsearchajax mel
2024-06-08 04:14:57 PM - product_views - INFO - searched result via itemdynamicsearchajax {5: 'MELANGE (CTC) BLGS MAROON', 2: 'MELANGE (CTC) BLGS L.GREY', 3: 'MELANGE (CTC) BLGS NAVY', 4: 'MELANGE (CTC) BLGS T.GREEN', 1: 'MELANGE (CTC) BLGS D.GREY', 16: 'ZIP8 H MELANGE L.GREY', 17: 'ZIP8 H MELANGE NAVY', 19: 'ZIP8 H MELANGE MAROON', 15: 'ZIP8 H MELANGE D.GREY', 43: 'MELANGE (ctc) BLGS YELLOW'}
2024-06-08 04:14:57 PM - product_views - INFO - searched keyword via itemdynamicsearchajax mel
2024-06-08 04:14:57 PM - product_views - INFO - searched result via itemdynamicsearchajax {5: 'MELANGE (CTC) BLGS MAROON', 2: 'MELANGE (CTC) BLGS L.GREY', 3: 'MELANGE (CTC) BLGS NAVY', 4: 'MELANGE (CTC) BLGS T.GREEN', 1: 'MELANGE (CTC) BLGS D.GREY', 16: 'ZIP8 H MELANGE L.GREY', 17: 'ZIP8 H MELANGE NAVY', 19: 'ZIP8 H MELANGE MAROON', 15: 'ZIP8 H MELANGE D.GREY', 43: 'MELANGE (ctc) BLGS YELLOW'}
2024-06-08 04:14:57 PM - product_views - INFO - searched keyword via itemdynamicsearchajax mel
2024-06-08 04:14:58 PM - product_views - INFO - searched result via itemdynamicsearchajax {5: 'MELANGE (CTC) BLGS MAROON', 2: 'MELANGE (CTC) BLGS L.GREY', 3: 'MELANGE (CTC) BLGS NAVY', 4: 'MELANGE (CTC) BLGS T.GREEN', 1: 'MELANGE (CTC) BLGS D.GREY', 16: 'ZIP8 H MELANGE L.GREY', 17: 'ZIP8 H MELANGE NAVY', 19: 'ZIP8 H MELANGE MAROON', 15: 'ZIP8 H MELANGE D.GREY', 43: 'MELANGE (ctc) BLGS YELLOW'}
2024-06-08 04:14:58 PM - product_views - INFO - searched keyword via itemdynamicsearchajax mel
2024-06-08 04:14:58 PM - product_views - INFO - searched result via itemdynamicsearchajax {5: 'MELANGE (CTC) BLGS MAROON', 2: 'MELANGE (CTC) BLGS L.GREY', 3: 'MELANGE (CTC) BLGS NAVY', 4: 'MELANGE (CTC) BLGS T.GREEN', 1: 'MELANGE (CTC) BLGS D.GREY', 16: 'ZIP8 H MELANGE L.GREY', 17: 'ZIP8 H MELANGE NAVY', 19: 'ZIP8 H MELANGE MAROON', 15: 'ZIP8 H MELANGE D.GREY', 43: 'MELANGE (ctc) BLGS YELLOW'}
2024-06-08 04:14:58 PM - product_views - INFO - searched keyword via itemdynamicsearchajax mel
2024-06-08 04:14:58 PM - product_views - INFO - searched result via itemdynamicsearchajax {5: 'MELANGE (CTC) BLGS MAROON', 2: 'MELANGE (CTC) BLGS L.GREY', 3: 'MELANGE (CTC) BLGS NAVY', 4: 'MELANGE (CTC) BLGS T.GREEN', 1: 'MELANGE (CTC) BLGS D.GREY', 16: 'ZIP8 H MELANGE L.GREY', 17: 'ZIP8 H MELANGE NAVY', 19: 'ZIP8 H MELANGE MAROON', 15: 'ZIP8 H MELANGE D.GREY', 43: 'MELANGE (ctc) BLGS YELLOW'}
2024-06-08 04:15:15 PM - product_views - INFO - searched keyword via itemdynamicsearchajax mel
2024-06-08 04:15:15 PM - product_views - INFO - searched result via itemdynamicsearchajax {5: 'MELANGE (CTC) BLGS MAROON', 2: 'MELANGE (CTC) BLGS L.GREY', 3: 'MELANGE (CTC) BLGS NAVY', 4: 'MELANGE (CTC) BLGS T.GREEN', 1: 'MELANGE (CTC) BLGS D.GREY', 16: 'ZIP8 H MELANGE L.GREY', 17: 'ZIP8 H MELANGE NAVY', 19: 'ZIP8 H MELANGE MAROON', 15: 'ZIP8 H MELANGE D.GREY', 43: 'MELANGE (ctc) BLGS YELLOW'}
2024-06-08 04:15:16 PM - product_views - INFO - searched keyword via itemdynamicsearchajax mel
2024-06-08 04:15:16 PM - product_views - INFO - searched result via itemdynamicsearchajax {5: 'MELANGE (CTC) BLGS MAROON', 2: 'MELANGE (CTC) BLGS L.GREY', 3: 'MELANGE (CTC) BLGS NAVY', 4: 'MELANGE (CTC) BLGS T.GREEN', 1: 'MELANGE (CTC) BLGS D.GREY', 16: 'ZIP8 H MELANGE L.GREY', 17: 'ZIP8 H MELANGE NAVY', 19: 'ZIP8 H MELANGE MAROON', 15: 'ZIP8 H MELANGE D.GREY', 43: 'MELANGE (ctc) BLGS YELLOW'}
2024-06-08 04:15:17 PM - product_views - INFO - searched keyword via itemdynamicsearchajax mel
2024-06-08 04:15:17 PM - product_views - INFO - searched result via itemdynamicsearchajax {5: 'MELANGE (CTC) BLGS MAROON', 2: 'MELANGE (CTC) BLGS L.GREY', 3: 'MELANGE (CTC) BLGS NAVY', 4: 'MELANGE (CTC) BLGS T.GREEN', 1: 'MELANGE (CTC) BLGS D.GREY', 16: 'ZIP8 H MELANGE L.GREY', 17: 'ZIP8 H MELANGE NAVY', 19: 'ZIP8 H MELANGE MAROON', 15: 'ZIP8 H MELANGE D.GREY', 43: 'MELANGE (ctc) BLGS YELLOW'}
2024-06-08 04:15:17 PM - product_views - INFO - searched keyword via itemdynamicsearchajax mel
2024-06-08 04:15:17 PM - product_views - INFO - searched result via itemdynamicsearchajax {5: 'MELANGE (CTC) BLGS MAROON', 2: 'MELANGE (CTC) BLGS L.GREY', 3: 'MELANGE (CTC) BLGS NAVY', 4: 'MELANGE (CTC) BLGS T.GREEN', 1: 'MELANGE (CTC) BLGS D.GREY', 16: 'ZIP8 H MELANGE L.GREY', 17: 'ZIP8 H MELANGE NAVY', 19: 'ZIP8 H MELANGE MAROON', 15: 'ZIP8 H MELANGE D.GREY', 43: 'MELANGE (ctc) BLGS YELLOW'}
2024-06-08 04:15:18 PM - product_views - INFO - searched keyword via itemdynamicsearchajax mel
2024-06-08 04:15:18 PM - product_views - INFO - searched result via itemdynamicsearchajax {5: 'MELANGE (CTC) BLGS MAROON', 2: 'MELANGE (CTC) BLGS L.GREY', 3: 'MELANGE (CTC) BLGS NAVY', 4: 'MELANGE (CTC) BLGS T.GREEN', 1: 'MELANGE (CTC) BLGS D.GREY', 16: 'ZIP8 H MELANGE L.GREY', 17: 'ZIP8 H MELANGE NAVY', 19: 'ZIP8 H MELANGE MAROON', 15: 'ZIP8 H MELANGE D.GREY', 43: 'MELANGE (ctc) BLGS YELLOW'}
2024-06-08 04:15:18 PM - product_views - INFO - searched keyword via itemdynamicsearchajax mel
2024-06-08 04:15:18 PM - product_views - INFO - searched result via itemdynamicsearchajax {5: 'MELANGE (CTC) BLGS MAROON', 2: 'MELANGE (CTC) BLGS L.GREY', 3: 'MELANGE (CTC) BLGS NAVY', 4: 'MELANGE (CTC) BLGS T.GREEN', 1: 'MELANGE (CTC) BLGS D.GREY', 16: 'ZIP8 H MELANGE L.GREY', 17: 'ZIP8 H MELANGE NAVY', 19: 'ZIP8 H MELANGE MAROON', 15: 'ZIP8 H MELANGE D.GREY', 43: 'MELANGE (ctc) BLGS YELLOW'}
2024-06-08 04:15:19 PM - product_views - INFO - searched keyword via itemdynamicsearchajax mel
2024-06-08 04:15:19 PM - product_views - INFO - searched result via itemdynamicsearchajax {5: 'MELANGE (CTC) BLGS MAROON', 2: 'MELANGE (CTC) BLGS L.GREY', 3: 'MELANGE (CTC) BLGS NAVY', 4: 'MELANGE (CTC) BLGS T.GREEN', 1: 'MELANGE (CTC) BLGS D.GREY', 16: 'ZIP8 H MELANGE L.GREY', 17: 'ZIP8 H MELANGE NAVY', 19: 'ZIP8 H MELANGE MAROON', 15: 'ZIP8 H MELANGE D.GREY', 43: 'MELANGE (ctc) BLGS YELLOW'}
2024-06-08 04:15:34 PM - product_views - INFO - searched keyword via itemdynamicsearchajax mel
2024-06-08 04:15:34 PM - product_views - INFO - searched result via itemdynamicsearchajax {5: 'MELANGE (CTC) BLGS MAROON', 2: 'MELANGE (CTC) BLGS L.GREY', 3: 'MELANGE (CTC) BLGS NAVY', 4: 'MELANGE (CTC) BLGS T.GREEN', 1: 'MELANGE (CTC) BLGS D.GREY', 16: 'ZIP8 H MELANGE L.GREY', 17: 'ZIP8 H MELANGE NAVY', 19: 'ZIP8 H MELANGE MAROON', 15: 'ZIP8 H MELANGE D.GREY', 43: 'MELANGE (ctc) BLGS YELLOW'}
2024-06-08 04:15:35 PM - product_views - INFO - searched keyword via itemdynamicsearchajax mel
2024-06-08 04:15:35 PM - product_views - INFO - searched result via itemdynamicsearchajax {5: 'MELANGE (CTC) BLGS MAROON', 2: 'MELANGE (CTC) BLGS L.GREY', 3: 'MELANGE (CTC) BLGS NAVY', 4: 'MELANGE (CTC) BLGS T.GREEN', 1: 'MELANGE (CTC) BLGS D.GREY', 16: 'ZIP8 H MELANGE L.GREY', 17: 'ZIP8 H MELANGE NAVY', 19: 'ZIP8 H MELANGE MAROON', 15: 'ZIP8 H MELANGE D.GREY', 43: 'MELANGE (ctc) BLGS YELLOW'}
2024-06-08 04:15:35 PM - product_views - INFO - searched keyword via itemdynamicsearchajax mel
2024-06-08 04:15:35 PM - product_views - INFO - searched result via itemdynamicsearchajax {5: 'MELANGE (CTC) BLGS MAROON', 2: 'MELANGE (CTC) BLGS L.GREY', 3: 'MELANGE (CTC) BLGS NAVY', 4: 'MELANGE (CTC) BLGS T.GREEN', 1: 'MELANGE (CTC) BLGS D.GREY', 16: 'ZIP8 H MELANGE L.GREY', 17: 'ZIP8 H MELANGE NAVY', 19: 'ZIP8 H MELANGE MAROON', 15: 'ZIP8 H MELANGE D.GREY', 43: 'MELANGE (ctc) BLGS YELLOW'}
2024-06-08 04:15:36 PM - product_views - INFO - searched keyword via itemdynamicsearchajax mel
2024-06-08 04:15:36 PM - product_views - INFO - searched result via itemdynamicsearchajax {5: 'MELANGE (CTC) BLGS MAROON', 2: 'MELANGE (CTC) BLGS L.GREY', 3: 'MELANGE (CTC) BLGS NAVY', 4: 'MELANGE (CTC) BLGS T.GREEN', 1: 'MELANGE (CTC) BLGS D.GREY', 16: 'ZIP8 H MELANGE L.GREY', 17: 'ZIP8 H MELANGE NAVY', 19: 'ZIP8 H MELANGE MAROON', 15: 'ZIP8 H MELANGE D.GREY', 43: 'MELANGE (ctc) BLGS YELLOW'}
2024-06-08 04:15:36 PM - product_views - INFO - searched keyword via itemdynamicsearchajax mel
2024-06-08 04:15:36 PM - product_views - INFO - searched result via itemdynamicsearchajax {5: 'MELANGE (CTC) BLGS MAROON', 2: 'MELANGE (CTC) BLGS L.GREY', 3: 'MELANGE (CTC) BLGS NAVY', 4: 'MELANGE (CTC) BLGS T.GREEN', 1: 'MELANGE (CTC) BLGS D.GREY', 16: 'ZIP8 H MELANGE L.GREY', 17: 'ZIP8 H MELANGE NAVY', 19: 'ZIP8 H MELANGE MAROON', 15: 'ZIP8 H MELANGE D.GREY', 43: 'MELANGE (ctc) BLGS YELLOW'}
2024-06-08 04:15:36 PM - product_views - INFO - searched keyword via itemdynamicsearchajax mel
2024-06-08 04:15:36 PM - product_views - INFO - searched result via itemdynamicsearchajax {5: 'MELANGE (CTC) BLGS MAROON', 2: 'MELANGE (CTC) BLGS L.GREY', 3: 'MELANGE (CTC) BLGS NAVY', 4: 'MELANGE (CTC) BLGS T.GREEN', 1: 'MELANGE (CTC) BLGS D.GREY', 16: 'ZIP8 H MELANGE L.GREY', 17: 'ZIP8 H MELANGE NAVY', 19: 'ZIP8 H MELANGE MAROON', 15: 'ZIP8 H MELANGE D.GREY', 43: 'MELANGE (ctc) BLGS YELLOW'}
2024-06-08 04:15:37 PM - product_views - INFO - searched keyword via itemdynamicsearchajax mel
2024-06-08 04:15:37 PM - product_views - INFO - searched result via itemdynamicsearchajax {5: 'MELANGE (CTC) BLGS MAROON', 2: 'MELANGE (CTC) BLGS L.GREY', 3: 'MELANGE (CTC) BLGS NAVY', 4: 'MELANGE (CTC) BLGS T.GREEN', 1: 'MELANGE (CTC) BLGS D.GREY', 16: 'ZIP8 H MELANGE L.GREY', 17: 'ZIP8 H MELANGE NAVY', 19: 'ZIP8 H MELANGE MAROON', 15: 'ZIP8 H MELANGE D.GREY', 43: 'MELANGE (ctc) BLGS YELLOW'}
2024-06-08 04:15:37 PM - product_views - INFO - searched keyword via itemdynamicsearchajax mel
2024-06-08 04:15:37 PM - product_views - INFO - searched result via itemdynamicsearchajax {5: 'MELANGE (CTC) BLGS MAROON', 2: 'MELANGE (CTC) BLGS L.GREY', 3: 'MELANGE (CTC) BLGS NAVY', 4: 'MELANGE (CTC) BLGS T.GREEN', 1: 'MELANGE (CTC) BLGS D.GREY', 16: 'ZIP8 H MELANGE L.GREY', 17: 'ZIP8 H MELANGE NAVY', 19: 'ZIP8 H MELANGE MAROON', 15: 'ZIP8 H MELANGE D.GREY', 43: 'MELANGE (ctc) BLGS YELLOW'}
2024-06-08 04:15:37 PM - product_views - INFO - searched keyword via itemdynamicsearchajax mel
2024-06-08 04:15:38 PM - product_views - INFO - searched result via itemdynamicsearchajax {5: 'MELANGE (CTC) BLGS MAROON', 2: 'MELANGE (CTC) BLGS L.GREY', 3: 'MELANGE (CTC) BLGS NAVY', 4: 'MELANGE (CTC) BLGS T.GREEN', 1: 'MELANGE (CTC) BLGS D.GREY', 16: 'ZIP8 H MELANGE L.GREY', 17: 'ZIP8 H MELANGE NAVY', 19: 'ZIP8 H MELANGE MAROON', 15: 'ZIP8 H MELANGE D.GREY', 43: 'MELANGE (ctc) BLGS YELLOW'}
2024-06-08 04:15:38 PM - product_views - INFO - searched keyword via itemdynamicsearchajax mel
2024-06-08 04:15:38 PM - product_views - INFO - searched result via itemdynamicsearchajax {5: 'MELANGE (CTC) BLGS MAROON', 2: 'MELANGE (CTC) BLGS L.GREY', 3: 'MELANGE (CTC) BLGS NAVY', 4: 'MELANGE (CTC) BLGS T.GREEN', 1: 'MELANGE (CTC) BLGS D.GREY', 16: 'ZIP8 H MELANGE L.GREY', 17: 'ZIP8 H MELANGE NAVY', 19: 'ZIP8 H MELANGE MAROON', 15: 'ZIP8 H MELANGE D.GREY', 43: 'MELANGE (ctc) BLGS YELLOW'}
2024-06-08 04:15:43 PM - product_views - INFO - searched keyword via itemdynamicsearchajax mel
2024-06-08 04:15:43 PM - product_views - INFO - searched result via itemdynamicsearchajax {5: 'MELANGE (CTC) BLGS MAROON', 2: 'MELANGE (CTC) BLGS L.GREY', 3: 'MELANGE (CTC) BLGS NAVY', 4: 'MELANGE (CTC) BLGS T.GREEN', 1: 'MELANGE (CTC) BLGS D.GREY', 16: 'ZIP8 H MELANGE L.GREY', 17: 'ZIP8 H MELANGE NAVY', 19: 'ZIP8 H MELANGE MAROON', 15: 'ZIP8 H MELANGE D.GREY', 43: 'MELANGE (ctc) BLGS YELLOW'}
2024-06-08 04:16:41 PM - product_views - INFO - searched keyword via itemdynamicsearchajax mel
2024-06-08 04:16:41 PM - product_views - INFO - searched result via itemdynamicsearchajax {5: 'MELANGE (CTC) BLGS MAROON', 2: 'MELANGE (CTC) BLGS L.GREY', 3: 'MELANGE (CTC) BLGS NAVY', 4: 'MELANGE (CTC) BLGS T.GREEN', 1: 'MELANGE (CTC) BLGS D.GREY', 16: 'ZIP8 H MELANGE L.GREY', 17: 'ZIP8 H MELANGE NAVY', 19: 'ZIP8 H MELANGE MAROON', 15: 'ZIP8 H MELANGE D.GREY', 43: 'MELANGE (ctc) BLGS YELLOW'}
