2024-06-05 17:30:46,081 - django.utils.autoreload - INFO - D:\Cosmus-projects\cosmus-factory-website\ERP_Cosmus\config\settings.py changed, reloading.
2024-06-05 17:30:47,024 - django.utils.autoreload - INFO - Watching for file changes with StatReloader
2024-06-05 17:31:05,073 - django.utils.autoreload - INFO - D:\Cosmus-projects\cosmus-factory-website\ERP_Cosmus\product\views.py changed, reloading.
2024-06-05 17:31:06,098 - django.utils.autoreload - INFO - Watching for file changes with StatReloader
2024-06-05 17:31:45,261 - django.utils.autoreload - INFO - D:\Cosmus-projects\cosmus-factory-website\ERP_Cosmus\product\views.py changed, reloading.
2024-06-05 17:31:46,346 - django.utils.autoreload - INFO - Watching for file changes with StatReloader
2024-06-05 17:32:21,302 - django.utils.autoreload - INFO - D:\Cosmus-projects\cosmus-factory-website\ERP_Cosmus\product\views.py changed, reloading.
2024-06-05 17:32:22,297 - django.utils.autoreload - INFO - Watching for file changes with StatReloader
2024-06-05 17:33:33,855 - django.utils.autoreload - INFO - D:\Cosmus-projects\cosmus-factory-website\ERP_Cosmus\product\views.py changed, reloading.
2024-06-05 17:33:34,892 - django.utils.autoreload - INFO - Watching for file changes with StatReloader
2024-06-05 17:36:20,832 - django.utils.autoreload - INFO - D:\Cosmus-projects\cosmus-factory-website\ERP_Cosmus\product\views.py changed, reloading.
2024-06-05 17:36:21,816 - django.utils.autoreload - INFO - Watching for file changes with StatReloader
2024-06-05 17:36:53,719 - django.utils.autoreload - INFO - D:\Cosmus-projects\cosmus-factory-website\ERP_Cosmus\product\views.py changed, reloading.
2024-06-05 17:36:54,709 - django.utils.autoreload - INFO - Watching for file changes with StatReloader
2024-06-05 17:37:34,702 - django.utils.autoreload - INFO - D:\Cosmus-projects\cosmus-factory-website\ERP_Cosmus\product\views.py changed, reloading.
2024-06-05 17:37:35,837 - django.utils.autoreload - INFO - Watching for file changes with StatReloader
2024-06-05 17:37:41,161 - django.server - INFO - "GET /itemcreate/ HTTP/1.1" 200 49922
2024-06-05 17:37:41,196 - django.server - INFO - "GET /static/css/dstyle.css HTTP/1.1" 304 0
2024-06-05 17:37:41,352 - django.request - WARNING - Not Found: /itemcreate/...
2024-06-05 17:37:41,352 - django.server - WARNING - "GET /itemcreate/... HTTP/1.1" 404 29117
2024-06-05 17:38:08,965 - django.server - INFO - "GET /itemdynamicsearchajax/?nameValue=m HTTP/1.1" 200 863
2024-06-05 17:38:09,190 - django.server - INFO - "GET /__debug__/history_sidebar/?store_id=89ccc1177f2a4cb9898831e7a7216c6f HTTP/1.1" 200 9078
2024-06-05 17:38:10,257 - django.server - INFO - "GET /itemdynamicsearchajax/?nameValue=m HTTP/1.1" 200 863
2024-06-05 17:38:10,477 - django.server - INFO - "GET /__debug__/history_sidebar/?store_id=402ea82db10045e081760c317988babb HTTP/1.1" 200 9078
2024-06-05 17:39:07,983 - django.utils.autoreload - INFO - D:\Cosmus-projects\cosmus-factory-website\ERP_Cosmus\config\logging_config.py changed, reloading.
2024-06-05 17:39:08,972 - django.utils.autoreload - INFO - Watching for file changes with StatReloader
2024-06-05 17:39:36,153 - django.server - INFO - "GET /itemdynamicsearchajax/?nameValue=M HTTP/1.1" 200 863
2024-06-05 17:39:36,374 - django.server - INFO - "GET /__debug__/history_sidebar/?store_id=2c96e761e58a431486bff9b7d8142685 HTTP/1.1" 200 9078
2024-06-05 17:39:55,516 - django.server - INFO - "GET /itemdynamicsearchajax/?nameValue=h HTTP/1.1" 200 591
2024-06-05 17:39:55,724 - django.server - INFO - "GET /itemdynamicsearchajax/?nameValue=hi HTTP/1.1" 200 227
2024-06-05 17:39:55,881 - django.server - INFO - "GET /itemdynamicsearchajax/?nameValue=hit HTTP/1.1" 200 228
2024-06-05 17:39:56,105 - django.server - INFO - "GET /__debug__/history_sidebar/?store_id=652c3d4b775f44468add48c9d16aa6c7 HTTP/1.1" 200 9080
2024-06-05 17:39:56,690 - django.server - INFO - "GET /itemdynamicsearchajax/?nameValue=hit HTTP/1.1" 200 228
2024-06-05 17:39:56,815 - django.server - INFO - "GET /itemdynamicsearchajax/?nameValue=hit HTTP/1.1" 200 228
2024-06-05 17:39:57,029 - django.server - INFO - "GET /__debug__/history_sidebar/?store_id=f05d3bc140fd4145b6a1f8ed0daa6c1c HTTP/1.1" 200 9080
2024-06-05 17:39:57,067 - django.server - INFO - "GET /itemdynamicsearchajax/?nameValue=hit HTTP/1.1" 200 228
2024-06-05 17:39:57,287 - django.server - INFO - "GET /__debug__/history_sidebar/?store_id=e94c91bd74c6434db9d93f049ad8a954 HTTP/1.1" 200 9080
2024-06-05 17:40:05,227 - django.server - INFO - "GET /itemcreate/ HTTP/1.1" 200 49922
2024-06-05 17:40:05,441 - django.request - WARNING - Not Found: /itemcreate/...
2024-06-05 17:40:05,441 - django.server - WARNING - "GET /itemcreate/... HTTP/1.1" 404 29117
2024-06-05 17:40:07,114 - django.server - INFO - "GET /itemdynamicsearchajax/?nameValue=h HTTP/1.1" 200 591
2024-06-05 17:40:07,249 - django.server - INFO - "GET /itemdynamicsearchajax/?nameValue=hi HTTP/1.1" 200 227
2024-06-05 17:40:07,410 - django.server - INFO - "GET /itemdynamicsearchajax/?nameValue=hit HTTP/1.1" 200 228
2024-06-05 17:40:07,628 - django.server - INFO - "GET /__debug__/history_sidebar/?store_id=3e0f10c0203a4853971835c3fe54604d HTTP/1.1" 200 9080
2024-06-05 17:41:03,515 - django.utils.autoreload - INFO - D:\Cosmus-projects\cosmus-factory-website\ERP_Cosmus\config\logging_config.py changed, reloading.
2024-06-05 17:43:55,788 - product_views - INFO - Item Successfully Created
2024-06-05 18:06:07,655 - product_views - ERROR - item Form Not Valid
2024-06-05 18:10:52,752 - product_views - ERROR - item form not valid<ul class="errorlist"><li>item_name<ul class="errorlist"><li>Item_ creation with this Item name already exists.</li></ul></li></ul>
2024-06-05 18:12:51,488 - product_views - ERROR - item form not valid<ul class="errorlist"><li>item_name<ul class="errorlist"><li>Item_ creation with this Item name already exists.</li></ul></li></ul>
2024-06-05 18:25:32,402 - product_views - ERROR - An error occured - invalid literal for int() with base 10: 'Darwing DX 1036  Set Prod+PO4RM+Cutting+L'
2024-06-05 18:29:32,896 - product_views - ERROR - Invalid file format. Please upload a valid Excel file.
